#
# There is insufficient memory for the Java Runtime Environment to continue.
# Native memory allocation (malloc) failed to allocate 2300656 bytes for Chunk::new
# Possible reasons:
#   The system is out of physical RAM or swap space
#   In 32 bit mode, the process size limit was hit
# Possible solutions:
#   Reduce memory load on the system
#   Increase physical memory or swap space
#   Check if swap backing store is full
#   Use 64 bit Java on a 64 bit OS
#   Decrease Java heap size (-Xmx/-Xms)
#   Decrease number of Java threads
#   Decrease Java thread stack sizes (-Xss)
#   Set larger code cache with -XX:ReservedCodeCacheSize=
# This output file may be truncated or incomplete.
#
#  Out of Memory Error (allocation.cpp:390), pid=11592, tid=0x00000000000004d8
#
# JRE version: OpenJDK Runtime Environment (8.0_152-b01) (build 1.8.0_152-release-1248-b01)
# Java VM: OpenJDK 64-Bit Server VM (25.152-b01 mixed mode windows-amd64 compressed oops)
# Failed to write core dump. Minidumps are not enabled by default on client versions of Windows
#

---------------  T H R E A D  ---------------

Current thread (0x0000000015e5f800):  JavaThread "C2 CompilerThread0" daemon [_thread_in_native, id=1240, stack(0x00000000174e0000,0x00000000175e0000)]

Stack: [0x00000000174e0000,0x00000000175e0000]
[error occurred during error reporting (printing stack bounds), id 0xc0000005]

Native frames: (J=compiled Java code, j=interpreted, Vv=VM code, C=native code)


Current CompileTask:
C2:   2559 1363       4       java.net.URLClassLoader$1::run (5 bytes)


---------------  P R O C E S S  ---------------

Java Threads: ( => current thread )
  0x000000001a88c800 JavaThread "Cache worker for journal cache (C:\Users\Thorsten\.gradle\caches\journal-1)" [_thread_blocked, id=12044, stack(0x000000001cb00000,0x000000001cc00000)]
  0x000000001aa5f800 JavaThread "Cache worker for file hash cache (C:\Users\Thorsten\AndroidStudioProjects\DataSell\.gradle\4.10.1\fileHashes)" [_thread_blocked, id=6200, stack(0x000000001ba30000,0x000000001bb30000)]
  0x00000000191a9000 JavaThread "File lock request listener" [_thread_in_native, id=7492, stack(0x000000001b930000,0x000000001ba30000)]
  0x0000000019553000 JavaThread "Cache worker for file hash cache (C:\Users\Thorsten\.gradle\caches\4.10.1\fileHashes)" [_thread_blocked, id=9120, stack(0x000000001b830000,0x000000001b930000)]
  0x0000000018f15000 JavaThread "Stdin handler" [_thread_blocked, id=2776, stack(0x000000001a560000,0x000000001a660000)]
  0x0000000018f5d800 JavaThread "Asynchronous log dispatcher for DefaultDaemonConnection: socket connection from /127.0.0.1:2901 to /127.0.0.1:2902" [_thread_blocked, id=12900, stack(0x000000001a460000,0x000000001a560000)]
  0x0000000018d90800 JavaThread "Daemon worker" [_thread_in_Java, id=5868, stack(0x000000001a360000,0x000000001a460000)]
  0x0000000018d90000 JavaThread "Cancel handler" [_thread_blocked, id=13108, stack(0x000000001a060000,0x000000001a160000)]
  0x0000000018c2c000 JavaThread "Handler for socket connection from /127.0.0.1:2901 to /127.0.0.1:2902" [_thread_in_native, id=12612, stack(0x0000000019f60000,0x000000001a060000)]
  0x0000000018c2b000 JavaThread "Daemon" [_thread_blocked, id=7692, stack(0x0000000019e60000,0x0000000019f60000)]
  0x0000000018e47800 JavaThread "Daemon periodic checks" [_thread_blocked, id=12496, stack(0x0000000019d60000,0x0000000019e60000)]
  0x0000000018d92800 JavaThread "Incoming local TCP Connector on port 2901" [_thread_in_native, id=5196, stack(0x0000000019af0000,0x0000000019bf0000)]
  0x0000000015ebe800 JavaThread "Service Thread" daemon [_thread_blocked, id=3008, stack(0x0000000017be0000,0x0000000017ce0000)]
  0x0000000015e6c800 JavaThread "C1 CompilerThread2" daemon [_thread_blocked, id=7316, stack(0x00000000176e0000,0x00000000177e0000)]
  0x0000000015e64000 JavaThread "C2 CompilerThread1" daemon [_thread_in_native, id=9556, stack(0x00000000175e0000,0x00000000176e0000)]
=>0x0000000015e5f800 JavaThread "C2 CompilerThread0" daemon [_thread_in_native, id=1240, stack(0x00000000174e0000,0x00000000175e0000)]
  0x0000000015e5e000 JavaThread "Attach Listener" daemon [_thread_blocked, id=6832, stack(0x00000000173e0000,0x00000000174e0000)]
  0x0000000015e5d000 JavaThread "Signal Dispatcher" daemon [_thread_blocked, id=4580, stack(0x00000000172e0000,0x00000000173e0000)]
  0x00000000024ed000 JavaThread "Finalizer" daemon [_thread_blocked, id=4376, stack(0x00000000170b0000,0x00000000171b0000)]
  0x00000000024e2000 JavaThread "Reference Handler" daemon [_thread_blocked, id=6404, stack(0x0000000016fb0000,0x00000000170b0000)]
  0x00000000023f3800 JavaThread "main" [_thread_blocked, id=2264, stack(0x00000000022f0000,0x00000000023f0000)]

Other Threads:
  0x0000000015e27800 VMThread [stack: 0x0000000016eb0000,0x0000000016fb0000] [id=8348]
  0x0000000017802800 WatcherThread [stack: 0x0000000017ce0000,0x0000000017de0000] [id=6612]

VM state:not at safepoint (normal execution)

VM Mutex/Monitor currently owned by a thread: None

Heap:
 PSYoungGen      total 71680K, used 9106K [0x00000000e0000000, 0x00000000e4b00000, 0x0000000100000000)
  eden space 66560K, 6% used [0x00000000e0000000,0x00000000e03e8858,0x00000000e4100000)
  from space 5120K, 99% used [0x00000000e4600000,0x00000000e4afc030,0x00000000e4b00000)
  to   space 5120K, 0% used [0x00000000e4100000,0x00000000e4100000,0x00000000e4600000)
 ParOldGen       total 87552K, used 5343K [0x00000000a0000000, 0x00000000a5580000, 0x00000000e0000000)
  object space 87552K, 6% used [0x00000000a0000000,0x00000000a0537eb0,0x00000000a5580000)
 Metaspace       used 17055K, capacity 17526K, committed 17792K, reserved 1064960K
  class space    used 2461K, capacity 2651K, committed 2688K, reserved 1048576K

Card table byte_map: [0x00000000118b0000,0x0000000011bc0000] byte_map_base: 0x00000000113b0000

Marking Bits: (ParMarkBitMap*) 0x0000000075b55aa0
 Begin Bits: [0x00000000121c0000, 0x00000000139c0000)
 End Bits:   [0x00000000139c0000, 0x00000000151c0000)

Polling page: 0x00000000006d0000

CodeCache: size=245760Kb used=5246Kb max_used=5246Kb free=240513Kb
 bounds [0x00000000024f0000, 0x0000000002a20000, 0x00000000114f0000]
 total_blobs=1943 nmethods=1556 adapters=300
 compilation: enabled

Compilation events (10 events):
Event: 2.547 Thread 0x0000000015e6c800 1560       3       sun.reflect.MethodAccessorImpl::<init> (5 bytes)
Event: 2.548 Thread 0x0000000015e6c800 nmethod 1560 0x0000000002a0fb50 code [0x0000000002a0fcc0, 0x0000000002a0fed0]
Event: 2.548 Thread 0x0000000015e6c800 1561       3       java.lang.reflect.Method::setMethodAccessor (21 bytes)
Event: 2.548 Thread 0x0000000015e6c800 nmethod 1561 0x0000000002a0ff90 code [0x0000000002a10100, 0x0000000002a104a8]
Event: 2.548 Thread 0x0000000015e6c800 1562       3       java.net.URI::match (56 bytes)
Event: 2.548 Thread 0x0000000015e6c800 nmethod 1562 0x0000000002a105d0 code [0x0000000002a10740, 0x0000000002a10a50]
Event: 2.548 Thread 0x0000000015e6c800 1563       3       java.net.URI::access$300 (7 bytes)
Event: 2.548 Thread 0x0000000015e6c800 nmethod 1563 0x0000000002a10ad0 code [0x0000000002a10c40, 0x0000000002a10da8]
Event: 2.549 Thread 0x0000000015e6c800 1564       3       sun.nio.cs.UTF_8$Decoder::decodeLoop (28 bytes)
Event: 2.549 Thread 0x0000000015e6c800 nmethod 1564 0x0000000002a10e50 code [0x0000000002a10fe0, 0x0000000002a11518]

GC Heap History (8 events):
Event: 0.630 GC heap before
{Heap before GC invocations=1 (full 0):
 PSYoungGen      total 38400K, used 33280K [0x00000000e0000000, 0x00000000e2a80000, 0x0000000100000000)
  eden space 33280K, 100% used [0x00000000e0000000,0x00000000e2080000,0x00000000e2080000)
  from space 5120K, 0% used [0x00000000e2580000,0x00000000e2580000,0x00000000e2a80000)
  to   space 5120K, 0% used [0x00000000e2080000,0x00000000e2080000,0x00000000e2580000)
 ParOldGen       total 87552K, used 0K [0x00000000a0000000, 0x00000000a5580000, 0x00000000e0000000)
  object space 87552K, 0% used [0x00000000a0000000,0x00000000a0000000,0x00000000a5580000)
 Metaspace       used 6815K, capacity 6970K, committed 7040K, reserved 1056768K
  class space    used 836K, capacity 879K, committed 896K, reserved 1048576K
Event: 0.636 GC heap after
Heap after GC invocations=1 (full 0):
 PSYoungGen      total 38400K, used 4164K [0x00000000e0000000, 0x00000000e2a80000, 0x0000000100000000)
  eden space 33280K, 0% used [0x00000000e0000000,0x00000000e0000000,0x00000000e2080000)
  from space 5120K, 81% used [0x00000000e2080000,0x00000000e2491290,0x00000000e2580000)
  to   space 5120K, 0% used [0x00000000e2580000,0x00000000e2580000,0x00000000e2a80000)
 ParOldGen       total 87552K, used 8K [0x00000000a0000000, 0x00000000a5580000, 0x00000000e0000000)
  object space 87552K, 0% used [0x00000000a0000000,0x00000000a0002000,0x00000000a5580000)
 Metaspace       used 6815K, capacity 6970K, committed 7040K, reserved 1056768K
  class space    used 836K, capacity 879K, committed 896K, reserved 1048576K
}
Event: 0.974 GC heap before
{Heap before GC invocations=2 (full 0):
 PSYoungGen      total 38400K, used 37444K [0x00000000e0000000, 0x00000000e2a80000, 0x0000000100000000)
  eden space 33280K, 100% used [0x00000000e0000000,0x00000000e2080000,0x00000000e2080000)
  from space 5120K, 81% used [0x00000000e2080000,0x00000000e2491290,0x00000000e2580000)
  to   space 5120K, 0% used [0x00000000e2580000,0x00000000e2580000,0x00000000e2a80000)
 ParOldGen       total 87552K, used 8K [0x00000000a0000000, 0x00000000a5580000, 0x00000000e0000000)
  object space 87552K, 0% used [0x00000000a0000000,0x00000000a0002000,0x00000000a5580000)
 Metaspace       used 9477K, capacity 9768K, committed 9856K, reserved 1058816K
  class space    used 1276K, capacity 1360K, committed 1408K, reserved 1048576K
Event: 0.980 GC heap after
Heap after GC invocations=2 (full 0):
 PSYoungGen      total 38400K, used 5107K [0x00000000e0000000, 0x00000000e4b00000, 0x0000000100000000)
  eden space 33280K, 0% used [0x00000000e0000000,0x00000000e0000000,0x00000000e2080000)
  from space 5120K, 99% used [0x00000000e2580000,0x00000000e2a7cd70,0x00000000e2a80000)
  to   space 5120K, 0% used [0x00000000e2080000,0x00000000e2080000,0x00000000e2580000)
 ParOldGen       total 87552K, used 24K [0x00000000a0000000, 0x00000000a5580000, 0x00000000e0000000)
  object space 87552K, 0% used [0x00000000a0000000,0x00000000a0006000,0x00000000a5580000)
 Metaspace       used 9477K, capacity 9768K, committed 9856K, reserved 1058816K
  class space    used 1276K, capacity 1360K, committed 1408K, reserved 1048576K
}
Event: 2.074 GC heap before
{Heap before GC invocations=3 (full 0):
 PSYoungGen      total 38400K, used 38387K [0x00000000e0000000, 0x00000000e4b00000, 0x0000000100000000)
  eden space 33280K, 100% used [0x00000000e0000000,0x00000000e2080000,0x00000000e2080000)
  from space 5120K, 99% used [0x00000000e2580000,0x00000000e2a7cd70,0x00000000e2a80000)
  to   space 5120K, 0% used [0x00000000e2080000,0x00000000e2080000,0x00000000e2580000)
 ParOldGen       total 87552K, used 24K [0x00000000a0000000, 0x00000000a5580000, 0x00000000e0000000)
  object space 87552K, 0% used [0x00000000a0000000,0x00000000a0006000,0x00000000a5580000)
 Metaspace       used 13634K, capacity 14054K, committed 14208K, reserved 1060864K
  class space    used 1920K, capacity 2065K, committed 2176K, reserved 1048576K
Event: 2.081 GC heap after
Heap after GC invocations=3 (full 0):
 PSYoungGen      total 38400K, used 5110K [0x00000000e0000000, 0x00000000e4b00000, 0x0000000100000000)
  eden space 33280K, 0% used [0x00000000e0000000,0x00000000e0000000,0x00000000e2080000)
  from space 5120K, 99% used [0x00000000e2080000,0x00000000e257da68,0x00000000e2580000)
  to   space 5120K, 0% used [0x00000000e4600000,0x00000000e4600000,0x00000000e4b00000)
 ParOldGen       total 87552K, used 2078K [0x00000000a0000000, 0x00000000a5580000, 0x00000000e0000000)
  object space 87552K, 2% used [0x00000000a0000000,0x00000000a0207bc8,0x00000000a5580000)
 Metaspace       used 13634K, capacity 14054K, committed 14208K, reserved 1060864K
  class space    used 1920K, capacity 2065K, committed 2176K, reserved 1048576K
}
Event: 2.498 GC heap before
{Heap before GC invocations=4 (full 0):
 PSYoungGen      total 38400K, used 38390K [0x00000000e0000000, 0x00000000e4b00000, 0x0000000100000000)
  eden space 33280K, 100% used [0x00000000e0000000,0x00000000e2080000,0x00000000e2080000)
  from space 5120K, 99% used [0x00000000e2080000,0x00000000e257da68,0x00000000e2580000)
  to   space 5120K, 0% used [0x00000000e4600000,0x00000000e4600000,0x00000000e4b00000)
 ParOldGen       total 87552K, used 2078K [0x00000000a0000000, 0x00000000a5580000, 0x00000000e0000000)
  object space 87552K, 2% used [0x00000000a0000000,0x00000000a0207bc8,0x00000000a5580000)
 Metaspace       used 16754K, capacity 17174K, committed 17408K, reserved 1064960K
  class space    used 2413K, capacity 2555K, committed 2560K, reserved 1048576K
Event: 2.512 GC heap after
Heap after GC invocations=4 (full 0):
 PSYoungGen      total 71680K, used 5104K [0x00000000e0000000, 0x00000000e4b00000, 0x0000000100000000)
  eden space 66560K, 0% used [0x00000000e0000000,0x00000000e0000000,0x00000000e4100000)
  from space 5120K, 99% used [0x00000000e4600000,0x00000000e4afc030,0x00000000e4b00000)
  to   space 5120K, 0% used [0x00000000e4100000,0x00000000e4100000,0x00000000e4600000)
 ParOldGen       total 87552K, used 5343K [0x00000000a0000000, 0x00000000a5580000, 0x00000000e0000000)
  object space 87552K, 6% used [0x00000000a0000000,0x00000000a0537eb0,0x00000000a5580000)
 Metaspace       used 16754K, capacity 17174K, committed 17408K, reserved 1064960K
  class space    used 2413K, capacity 2555K, committed 2560K, reserved 1048576K
}

Deoptimization events (10 events):
Event: 1.861 Thread 0x0000000018d90800 Uncommon trap: reason=bimorphic action=maybe_recompile pc=0x0000000002776738 method=java.util.HashMap.putVal(ILjava/lang/Object;Ljava/lang/Object;ZZ)Ljava/lang/Object; @ 253
Event: 1.861 Thread 0x0000000018d90800 Uncommon trap: reason=bimorphic action=maybe_recompile pc=0x0000000002776738 method=java.util.HashMap.putVal(ILjava/lang/Object;Ljava/lang/Object;ZZ)Ljava/lang/Object; @ 253
Event: 2.117 Thread 0x0000000018d90800 Uncommon trap: reason=class_check action=maybe_recompile pc=0x0000000002799f04 method=java.util.regex.Matcher.match(II)Z @ 86
Event: 2.132 Thread 0x0000000018d90800 Uncommon trap: reason=class_check action=maybe_recompile pc=0x0000000002799f04 method=java.util.regex.Matcher.match(II)Z @ 86
Event: 2.133 Thread 0x0000000018d90800 Uncommon trap: reason=class_check action=maybe_recompile pc=0x0000000002799f04 method=java.util.regex.Matcher.match(II)Z @ 86
Event: 2.133 Thread 0x0000000018d90800 Uncommon trap: reason=class_check action=maybe_recompile pc=0x000000000276501c method=java.util.regex.Matcher.match(II)Z @ 86
Event: 2.234 Thread 0x0000000018d90800 Uncommon trap: reason=unstable_if action=reinterpret pc=0x000000000291e5f4 method=java.lang.String.lastIndexOf([CII[CIII)I @ 66
Event: 2.548 Thread 0x0000000018d90800 Uncommon trap: reason=unstable_if action=reinterpret pc=0x0000000002645308 method=java.net.URI.match(CJJ)Z @ 19
Event: 2.548 Thread 0x0000000018d90800 Uncommon trap: reason=unstable_if action=reinterpret pc=0x00000000027383c0 method=java.net.URI.match(CJJ)Z @ 19
Event: 2.548 Thread 0x0000000018d90800 Uncommon trap: reason=unstable_if action=reinterpret pc=0x000000000264b508 method=java.net.URI.match(CJJ)Z @ 19

Classes redefined (0 events):
No events

Internal exceptions (10 events):
Event: 1.812 Thread 0x0000000018c2c000 Exception <a 'java/lang/NoSuchMethodError': <clinit>> (0x00000000e0548c48) thrown at [D:\src\AOSP-openjdk-cygwin\jdk8u\hotspot\src\share\vm\prims\jni.cpp, line 1613]
Event: 1.813 Thread 0x0000000018c2c000 Exception <a 'java/lang/NoSuchMethodError': <clinit>> (0x00000000e0552228) thrown at [D:\src\AOSP-openjdk-cygwin\jdk8u\hotspot\src\share\vm\prims\jni.cpp, line 1613]
Event: 1.815 Thread 0x0000000018c2c000 Exception <a 'java/lang/NoSuchMethodError': <clinit>> (0x00000000e0579170) thrown at [D:\src\AOSP-openjdk-cygwin\jdk8u\hotspot\src\share\vm\prims\jni.cpp, line 1613]
Event: 1.817 Thread 0x0000000018c2c000 Exception <a 'java/lang/NoSuchMethodError': <clinit>> (0x00000000e0590f88) thrown at [D:\src\AOSP-openjdk-cygwin\jdk8u\hotspot\src\share\vm\prims\jni.cpp, line 1613]
Event: 1.818 Thread 0x0000000018c2c000 Exception <a 'java/lang/NoSuchMethodError': <clinit>> (0x00000000e0599a50) thrown at [D:\src\AOSP-openjdk-cygwin\jdk8u\hotspot\src\share\vm\prims\jni.cpp, line 1613]
Event: 1.819 Thread 0x0000000018c2c000 Exception <a 'java/lang/NoSuchMethodError': <clinit>> (0x00000000e05af980) thrown at [D:\src\AOSP-openjdk-cygwin\jdk8u\hotspot\src\share\vm\prims\jni.cpp, line 1613]
Event: 1.826 Thread 0x0000000018c2c000 Exception <a 'java/lang/NoSuchMethodError': <clinit>> (0x00000000e060dcc8) thrown at [D:\src\AOSP-openjdk-cygwin\jdk8u\hotspot\src\share\vm\prims\jni.cpp, line 1613]
Event: 1.829 Thread 0x0000000018c2c000 Exception <a 'java/lang/NoSuchMethodError': <clinit>> (0x00000000e0639990) thrown at [D:\src\AOSP-openjdk-cygwin\jdk8u\hotspot\src\share\vm\prims\jni.cpp, line 1613]
Event: 1.834 Thread 0x0000000018c2c000 Exception <a 'java/lang/NoSuchMethodError': <clinit>> (0x00000000e06688d0) thrown at [D:\src\AOSP-openjdk-cygwin\jdk8u\hotspot\src\share\vm\prims\jni.cpp, line 1613]
Event: 1.835 Thread 0x0000000018c2c000 Exception <a 'java/lang/NoSuchMethodError': <clinit>> (0x00000000e0673c70) thrown at [D:\src\AOSP-openjdk-cygwin\jdk8u\hotspot\src\share\vm\prims\jni.cpp, line 1613]

Events (10 events):
Event: 2.556 loading class org/gradle/internal/scan/config/BuildScanConfigServices$1
Event: 2.556 loading class org/gradle/internal/scan/config/BuildScanConfigServices$1 done
Event: 2.556 loading class org/gradle/internal/scan/config/BuildScanConfigManager$Requestedness
Event: 2.556 loading class org/gradle/internal/scan/config/BuildScanConfigManager$Requestedness done
Event: 2.556 loading class org/gradle/internal/scan/config/BuildScanConfig
Event: 2.556 loading class org/gradle/internal/scan/config/BuildScanConfig done
Event: 2.557 loading class org/gradle/initialization/DefaultGradleLauncher
Event: 2.557 loading class org/gradle/initialization/DefaultGradleLauncher done
Event: 2.557 loading class org/gradle/initialization/ConfigureBuildBuildOperationType$Result
Event: 2.557 loading class org/gradle/initialization/ConfigureBuildBuildOperationType$Result done


Dynamic libraries:
0x00007ff7e4cd0000 - 0x00007ff7e4d01000 	C:\Program Files\Android\Android Studio\jre\bin\java.exe
0x00007ffe79920000 - 0x00007ffe79b0d000 	C:\WINDOWS\SYSTEM32\ntdll.dll
0x00007ffe77720000 - 0x00007ffe777d3000 	C:\WINDOWS\System32\KERNEL32.DLL
0x00007ffe75af0000 - 0x00007ffe75d83000 	C:\WINDOWS\System32\KERNELBASE.dll
0x00007ffe77cc0000 - 0x00007ffe77d63000 	C:\WINDOWS\System32\ADVAPI32.dll
0x00007ffe77640000 - 0x00007ffe776de000 	C:\WINDOWS\System32\msvcrt.dll
0x00007ffe77bc0000 - 0x00007ffe77c5e000 	C:\WINDOWS\System32\sechost.dll
0x00007ffe76bb0000 - 0x00007ffe76cd2000 	C:\WINDOWS\System32\RPCRT4.dll
0x00007ffe77460000 - 0x00007ffe775f7000 	C:\WINDOWS\System32\USER32.dll
0x00007ffe76580000 - 0x00007ffe765a0000 	C:\WINDOWS\System32\win32u.dll
0x00007ffe77600000 - 0x00007ffe77629000 	C:\WINDOWS\System32\GDI32.dll
0x00007ffe765a0000 - 0x00007ffe7673a000 	C:\WINDOWS\System32\gdi32full.dll
0x00007ffe75d90000 - 0x00007ffe75e30000 	C:\WINDOWS\System32\msvcp_win.dll
0x00007ffe759f0000 - 0x00007ffe75aec000 	C:\WINDOWS\System32\ucrtbase.dll
0x00007ffe63e50000 - 0x00007ffe640c9000 	C:\WINDOWS\WinSxS\amd64_microsoft.windows.common-controls_6595b64144ccf1df_6.0.17763.253_none_05b2388e0721fece\COMCTL32.dll
0x00007ffe77890000 - 0x00007ffe77bbd000 	C:\WINDOWS\System32\combase.dll
0x00007ffe767c0000 - 0x00007ffe7683e000 	C:\WINDOWS\System32\bcryptPrimitives.dll
0x00007ffe776f0000 - 0x00007ffe7771e000 	C:\WINDOWS\System32\IMM32.DLL
0x00000000751d0000 - 0x00000000752a2000 	C:\Program Files\Android\Android Studio\jre\jre\bin\msvcr100.dll
0x0000000075390000 - 0x0000000075bd1000 	C:\Program Files\Android\Android Studio\jre\jre\bin\server\jvm.dll
0x00007ffe772a0000 - 0x00007ffe772a8000 	C:\WINDOWS\System32\PSAPI.DLL
0x00007ffe6db90000 - 0x00007ffe6db9a000 	C:\WINDOWS\SYSTEM32\VERSION.dll
0x00007ffe6e020000 - 0x00007ffe6e044000 	C:\WINDOWS\SYSTEM32\WINMM.dll
0x00007ffe64660000 - 0x00007ffe64669000 	C:\WINDOWS\SYSTEM32\WSOCK32.dll
0x00007ffe793d0000 - 0x00007ffe7943d000 	C:\WINDOWS\System32\WS2_32.dll
0x00007ffe6dff0000 - 0x00007ffe6e01d000 	C:\WINDOWS\SYSTEM32\winmmbase.dll
0x00007ffe76870000 - 0x00007ffe768ba000 	C:\WINDOWS\System32\cfgmgr32.dll
0x00007ffe6fef0000 - 0x00007ffe6feff000 	C:\Program Files\Android\Android Studio\jre\jre\bin\verify.dll
0x00007ffe6fc70000 - 0x00007ffe6fc99000 	C:\Program Files\Android\Android Studio\jre\jre\bin\java.dll
0x00007ffe6fed0000 - 0x00007ffe6fee6000 	C:\Program Files\Android\Android Studio\jre\jre\bin\zip.dll
0x00007ffe77ee0000 - 0x00007ffe793cf000 	C:\WINDOWS\System32\SHELL32.dll
0x00007ffe777e0000 - 0x00007ffe77888000 	C:\WINDOWS\System32\shcore.dll
0x00007ffe75e30000 - 0x00007ffe7657a000 	C:\WINDOWS\System32\windows.storage.dll
0x00007ffe75940000 - 0x00007ffe75964000 	C:\WINDOWS\System32\profapi.dll
0x00007ffe75970000 - 0x00007ffe759cd000 	C:\WINDOWS\System32\powrprof.dll
0x00007ffe76dc0000 - 0x00007ffe76e12000 	C:\WINDOWS\System32\shlwapi.dll
0x00007ffe759d0000 - 0x00007ffe759e1000 	C:\WINDOWS\System32\kernel.appcore.dll
0x00007ffe767a0000 - 0x00007ffe767b7000 	C:\WINDOWS\System32\cryptsp.dll
0x00007ffe645c0000 - 0x00007ffe645da000 	C:\Program Files\Android\Android Studio\jre\jre\bin\net.dll
0x00007ffe751b0000 - 0x00007ffe75217000 	C:\WINDOWS\system32\mswsock.dll
0x00007ffe5efd0000 - 0x00007ffe5efe1000 	C:\Program Files\Android\Android Studio\jre\jre\bin\nio.dll
0x00007ffe700d0000 - 0x00007ffe700ee000 	C:\Users\Thorsten\.gradle\native\25\windows-amd64\native-platform.dll
0x00007ffe6fc60000 - 0x00007ffe6fc6d000 	C:\Program Files\Android\Android Studio\jre\jre\bin\management.dll
0x00007ffe74d70000 - 0x00007ffe74da3000 	C:\WINDOWS\system32\rsaenh.dll
0x00007ffe76840000 - 0x00007ffe76866000 	C:\WINDOWS\System32\bcrypt.dll
0x00007ffe75850000 - 0x00007ffe75878000 	C:\WINDOWS\SYSTEM32\USERENV.dll
0x00007ffe75380000 - 0x00007ffe7538c000 	C:\WINDOWS\SYSTEM32\CRYPTBASE.dll
0x00007ffe74f10000 - 0x00007ffe74f4d000 	C:\WINDOWS\SYSTEM32\IPHLPAPI.DLL
0x00007ffe77630000 - 0x00007ffe77638000 	C:\WINDOWS\System32\NSI.dll
0x00007ffe6ddb0000 - 0x00007ffe6ddc6000 	C:\WINDOWS\SYSTEM32\dhcpcsvc6.DLL
0x00007ffe6dfd0000 - 0x00007ffe6dfec000 	C:\WINDOWS\SYSTEM32\dhcpcsvc.DLL
0x00007ffe74f50000 - 0x00007ffe75016000 	C:\WINDOWS\SYSTEM32\DNSAPI.dll

VM Arguments:
jvm_args: -Xmx1536m -Dfile.encoding=windows-1252 -Duser.country=DE -Duser.language=de -Duser.variant 
java_command: org.gradle.launcher.daemon.bootstrap.GradleDaemon 4.10.1
java_class_path (initial): C:\Users\Thorsten\.gradle\wrapper\dists\gradle-4.10.1-all\455itskqi2qtf0v2sja68alqd\gradle-4.10.1\lib\gradle-launcher-4.10.1.jar
Launcher Type: SUN_STANDARD

Environment Variables:
JAVA_HOME=C:\Program Files\Java\jdk1.8.0_102
USERNAME=Thorsten
OS=Windows_NT
PROCESSOR_IDENTIFIER=Intel64 Family 6 Model 69 Stepping 1, GenuineIntel



---------------  S Y S T E M  ---------------

OS: Windows 10.0 , 64 bit Build 17763 (10.0.17763.1)

CPU:total 4 (initial active 4) (2 cores per cpu, 2 threads per core) family 6 model 69 stepping 1, cmov, cx8, fxsr, mmx, sse, sse2, sse3, ssse3, sse4.1, sse4.2, popcnt, avx, avx2, aes, clmul, erms, lzcnt, ht, tsc, tscinvbit, bmi1, bmi2

Memory: 4k page, physical 8302956k(682384k free), swap 8302956k(7068k free)

vm_info: OpenJDK 64-Bit Server VM (25.152-b01) for windows-amd64 JRE (1.8.0_152-release-1248-b01), built by "builder" with MS VC++ 10.0 (VS2010)

time: Tue Mar 19 11:16:36 2019
elapsed time: 2 seconds (0d 0h 0m 2s)

