#
# There is insufficient memory for the Java Runtime Environment to continue.
# Native memory allocation (malloc) failed to allocate 1014336 bytes for Chunk::new
# Possible reasons:
#   The system is out of physical RAM or swap space
#   In 32 bit mode, the process size limit was hit
# Possible solutions:
#   Reduce memory load on the system
#   Increase physical memory or swap space
#   Check if swap backing store is full
#   Use 64 bit Java on a 64 bit OS
#   Decrease Java heap size (-Xmx/-Xms)
#   Decrease number of Java threads
#   Decrease Java thread stack sizes (-Xss)
#   Set larger code cache with -XX:ReservedCodeCacheSize=
# This output file may be truncated or incomplete.
#
#  Out of Memory Error (allocation.cpp:390), pid=8464, tid=0x0000000000001a18
#
# JRE version: OpenJDK Runtime Environment (8.0_152-b01) (build 1.8.0_152-release-1248-b01)
# Java VM: OpenJDK 64-Bit Server VM (25.152-b01 mixed mode windows-amd64 compressed oops)
# Failed to write core dump. Minidumps are not enabled by default on client versions of Windows
#

---------------  T H R E A D  ---------------

Current thread (0x00000000162ac800):  JavaThread "C2 CompilerThread1" daemon [_thread_in_native, id=6680, stack(0x0000000017a40000,0x0000000017b40000)]

Stack: [0x0000000017a40000,0x0000000017b40000]
[error occurred during error reporting (printing stack bounds), id 0xc0000005]

Native frames: (J=compiled Java code, j=interpreted, Vv=VM code, C=native code)


Current CompileTask:
C2:  12136 6423       4       java.io.ObjectOutputStream::writeClassDesc (60 bytes)


---------------  P R O C E S S  ---------------

Java Threads: ( => current thread )
  0x000000001b444000 JavaThread "Cache worker for Build Output Cleanup Cache (C:\Users\Thorsten\AndroidStudioProjects\DataSell\.gradle\buildOutputCleanup)" [_thread_blocked, id=11736, stack(0x0000000022590000,0x0000000022690000)]
  0x000000001b44a000 JavaThread "Cache worker for task history cache (C:\Users\Thorsten\AndroidStudioProjects\DataSell\.gradle\4.10.1\taskHistory)" [_thread_blocked, id=3620, stack(0x0000000022490000,0x0000000022590000)]
  0x000000001b43c000 JavaThread "Task worker for ':' Thread 3" [_thread_blocked, id=12320, stack(0x0000000022390000,0x0000000022490000)]
  0x000000001b441000 JavaThread "Task worker for ':' Thread 2" [_thread_blocked, id=6264, stack(0x0000000022290000,0x0000000022390000)]
  0x000000001b43e000 JavaThread "Task worker for ':'" [_thread_blocked, id=9860, stack(0x0000000021f20000,0x0000000022020000)]
  0x000000001b43c800 JavaThread "Cache worker for file content cache (C:\Users\Thorsten\AndroidStudioProjects\DataSell\.gradle\4.10.1\fileContent)" [_thread_blocked, id=3172, stack(0x0000000021e20000,0x0000000021f20000)]
  0x000000001b43d800 JavaThread "Cache worker for file content cache (C:\Users\Thorsten\.gradle\caches\4.10.1\fileContent)" [_thread_blocked, id=12944, stack(0x0000000020c90000,0x0000000020d90000)]
  0x000000001b442800 JavaThread "Memory manager" [_thread_blocked, id=6900, stack(0x0000000020540000,0x0000000020640000)]
  0x000000001b43f000 JavaThread "Build operations Thread 4" [_thread_blocked, id=9816, stack(0x0000000020440000,0x0000000020540000)]
  0x000000001b442000 JavaThread "Build operations Thread 3" [_thread_blocked, id=4984, stack(0x0000000020340000,0x0000000020440000)]
  0x000000001b49d800 JavaThread "Build operations Thread 2" [_thread_blocked, id=8892, stack(0x0000000020240000,0x0000000020340000)]
  0x000000001b49c800 JavaThread "Build operations" [_thread_blocked, id=2116, stack(0x0000000020140000,0x0000000020240000)]
  0x000000001b49c000 JavaThread "Cache worker for Artifact transforms cache (C:\Users\Thorsten\.gradle\caches\transforms-1)" [_thread_blocked, id=7836, stack(0x000000001fb80000,0x000000001fc80000)]
  0x000000001b4a2800 JavaThread "Cache worker for cache directory md-rule (C:\Users\Thorsten\.gradle\caches\4.10.1\md-rule)" [_thread_blocked, id=7504, stack(0x000000001fa80000,0x000000001fb80000)]
  0x000000001b49f800 JavaThread "Cache worker for cache directory md-supplier (C:\Users\Thorsten\.gradle\caches\4.10.1\md-supplier)" [_thread_blocked, id=3756, stack(0x000000001e630000,0x000000001e730000)]
  0x000000001b4a0800 JavaThread "Cache worker for journal cache (C:\Users\Thorsten\.gradle\caches\journal-1)" [_thread_blocked, id=4212, stack(0x000000001cf60000,0x000000001d060000)]
  0x000000001b4a2000 JavaThread "Cache worker for file hash cache (C:\Users\Thorsten\AndroidStudioProjects\DataSell\.gradle\4.10.1\fileHashes)" [_thread_blocked, id=6716, stack(0x000000001ce60000,0x000000001cf60000)]
  0x00000000196cc000 JavaThread "File lock request listener" [_thread_in_native, id=7500, stack(0x000000001bd90000,0x000000001be90000)]
  0x000000001b74a800 JavaThread "Cache worker for file hash cache (C:\Users\Thorsten\.gradle\caches\4.10.1\fileHashes)" [_thread_blocked, id=9680, stack(0x000000001bc90000,0x000000001bd90000)]
  0x00000000191fa800 JavaThread "Stdin handler" [_thread_blocked, id=8612, stack(0x000000001a9c0000,0x000000001aac0000)]
  0x00000000191f9800 JavaThread "Asynchronous log dispatcher for DefaultDaemonConnection: socket connection from /127.0.0.1:2840 to /127.0.0.1:2841" [_thread_blocked, id=616, stack(0x000000001a8c0000,0x000000001a9c0000)]
  0x00000000191e7800 JavaThread "Daemon worker" [_thread_in_native, id=9700, stack(0x000000001a7c0000,0x000000001a8c0000)]
  0x00000000191fc000 JavaThread "Cancel handler" [_thread_blocked, id=8640, stack(0x000000001a6c0000,0x000000001a7c0000)]
  0x0000000019194800 JavaThread "Handler for socket connection from /127.0.0.1:2840 to /127.0.0.1:2841" [_thread_in_native, id=7280, stack(0x000000001a3c0000,0x000000001a4c0000)]
  0x0000000019191000 JavaThread "Daemon" [_thread_blocked, id=12988, stack(0x000000001a2c0000,0x000000001a3c0000)]
  0x0000000019287000 JavaThread "Daemon periodic checks" [_thread_blocked, id=8996, stack(0x000000001a1c0000,0x000000001a2c0000)]
  0x00000000188c2800 JavaThread "Incoming local TCP Connector on port 2840" [_thread_in_native, id=12876, stack(0x0000000019f50000,0x000000001a050000)]
  0x0000000017c40800 JavaThread "Service Thread" daemon [_thread_blocked, id=9720, stack(0x0000000018040000,0x0000000018140000)]
  0x00000000162b0000 JavaThread "C1 CompilerThread2" daemon [_thread_blocked, id=2552, stack(0x0000000017b40000,0x0000000017c40000)]
=>0x00000000162ac800 JavaThread "C2 CompilerThread1" daemon [_thread_in_native, id=6680, stack(0x0000000017a40000,0x0000000017b40000)]
  0x00000000162a2000 JavaThread "C2 CompilerThread0" daemon [_thread_in_native, id=12260, stack(0x0000000017940000,0x0000000017a40000)]
  0x00000000162a1000 JavaThread "Attach Listener" daemon [_thread_blocked, id=10152, stack(0x0000000017840000,0x0000000017940000)]
  0x000000001629e000 JavaThread "Signal Dispatcher" daemon [_thread_blocked, id=5228, stack(0x0000000017740000,0x0000000017840000)]
  0x000000000292d000 JavaThread "Finalizer" daemon [_thread_blocked, id=5972, stack(0x0000000017510000,0x0000000017610000)]
  0x0000000002922000 JavaThread "Reference Handler" daemon [_thread_blocked, id=3448, stack(0x0000000017410000,0x0000000017510000)]
  0x0000000002833800 JavaThread "main" [_thread_blocked, id=11804, stack(0x0000000002650000,0x0000000002750000)]

Other Threads:
  0x0000000016267800 VMThread [stack: 0x0000000017310000,0x0000000017410000] [id=12048]
  0x0000000017c41000 WatcherThread [stack: 0x0000000018140000,0x0000000018240000] [id=11800]

VM state:not at safepoint (normal execution)

VM Mutex/Monitor currently owned by a thread: None

Heap:
 PSYoungGen      total 282112K, used 65679K [0x00000000e0000000, 0x00000000f3b00000, 0x0000000100000000)
  eden space 260608K, 25% used [0x00000000e0000000,0x00000000e4023fd0,0x00000000efe80000)
  from space 21504K, 0% used [0x00000000f1580000,0x00000000f1580000,0x00000000f2a80000)
  to   space 23552K, 0% used [0x00000000efe80000,0x00000000efe80000,0x00000000f1580000)
 ParOldGen       total 109568K, used 31453K [0x00000000a0000000, 0x00000000a6b00000, 0x00000000e0000000)
  object space 109568K, 28% used [0x00000000a0000000,0x00000000a1eb7420,0x00000000a6b00000)
 Metaspace       used 58659K, capacity 60244K, committed 60416K, reserved 1101824K
  class space    used 7994K, capacity 8379K, committed 8448K, reserved 1048576K

Card table byte_map: [0x0000000011cf0000,0x0000000012000000] byte_map_base: 0x00000000117f0000

Marking Bits: (ParMarkBitMap*) 0x0000000075b55aa0
 Begin Bits: [0x0000000012600000, 0x0000000013e00000)
 End Bits:   [0x0000000013e00000, 0x0000000015600000)

Polling page: 0x00000000005f0000

CodeCache: size=245760Kb used=18652Kb max_used=18652Kb free=227107Kb
 bounds [0x0000000002930000, 0x0000000003b80000, 0x0000000011930000]
 total_blobs=6616 nmethods=5830 adapters=699
 compilation: enabled

Compilation events (10 events):
Event: 12.084 Thread 0x00000000162b0000 6451       3       org.gradle.api.internal.changedetection.state.FileTimeStampInspector::timestampCanBeUsedToDetectFileChange (15 bytes)
Event: 12.085 Thread 0x00000000162b0000 nmethod 6451 0x0000000003b75c50 code [0x0000000003b75da0, 0x0000000003b75f50]
Event: 12.088 Thread 0x00000000162b0000 6452       3       org.gradle.api.internal.changedetection.state.mirror.PhysicalDirectorySnapshot::accept (58 bytes)
Event: 12.088 Thread 0x00000000162b0000 nmethod 6452 0x0000000003b75fd0 code [0x0000000003b761a0, 0x0000000003b76978]
Event: 12.088 Thread 0x00000000162b0000 6453       3       com.google.common.collect.Maps$EntryFunction$1::apply (9 bytes)
Event: 12.088 Thread 0x00000000162b0000 nmethod 6453 0x0000000003b76bd0 code [0x0000000003b76d40, 0x0000000003b77148]
Event: 12.089 Thread 0x00000000162b0000 6454       3       com.google.common.collect.Maps$EntryFunction$1::apply (7 bytes)
Event: 12.089 Thread 0x00000000162b0000 nmethod 6454 0x0000000003b77290 code [0x0000000003b77400, 0x0000000003b77628]
Event: 12.118 Thread 0x00000000162b0000 6455       1       org.gradle.api.internal.changedetection.state.mirror.PhysicalFileSnapshot::getType (4 bytes)
Event: 12.118 Thread 0x00000000162b0000 nmethod 6455 0x0000000003b77710 code [0x0000000003b77860, 0x0000000003b77970]

GC Heap History (10 events):
Event: 6.360 GC heap before
{Heap before GC invocations=7 (full 1):
 PSYoungGen      total 138240K, used 39574K [0x00000000e0000000, 0x00000000edc80000, 0x0000000100000000)
  eden space 133120K, 25% used [0x00000000e0000000,0x00000000e21a9a30,0x00000000e8200000)
  from space 5120K, 99% used [0x00000000e8200000,0x00000000e86fc010,0x00000000e8700000)
  to   space 14848K, 0% used [0x00000000ece00000,0x00000000ece00000,0x00000000edc80000)
 ParOldGen       total 67584K, used 16786K [0x00000000a0000000, 0x00000000a4200000, 0x00000000e0000000)
  object space 67584K, 24% used [0x00000000a0000000,0x00000000a10648f8,0x00000000a4200000)
 Metaspace       used 34608K, capacity 35262K, committed 35416K, reserved 1079296K
  class space    used 4820K, capacity 5065K, committed 5120K, reserved 1048576K
Event: 6.374 GC heap after
Heap after GC invocations=7 (full 1):
 PSYoungGen      total 211456K, used 9452K [0x00000000e0000000, 0x00000000ede80000, 0x0000000100000000)
  eden space 196608K, 0% used [0x00000000e0000000,0x00000000e0000000,0x00000000ec000000)
  from space 14848K, 63% used [0x00000000ece00000,0x00000000ed73b320,0x00000000edc80000)
  to   space 14336K, 0% used [0x00000000ec000000,0x00000000ec000000,0x00000000ece00000)
 ParOldGen       total 67584K, used 16794K [0x00000000a0000000, 0x00000000a4200000, 0x00000000e0000000)
  object space 67584K, 24% used [0x00000000a0000000,0x00000000a10668f8,0x00000000a4200000)
 Metaspace       used 34608K, capacity 35262K, committed 35416K, reserved 1079296K
  class space    used 4820K, capacity 5065K, committed 5120K, reserved 1048576K
}
Event: 6.374 GC heap before
{Heap before GC invocations=8 (full 2):
 PSYoungGen      total 211456K, used 9452K [0x00000000e0000000, 0x00000000ede80000, 0x0000000100000000)
  eden space 196608K, 0% used [0x00000000e0000000,0x00000000e0000000,0x00000000ec000000)
  from space 14848K, 63% used [0x00000000ece00000,0x00000000ed73b320,0x00000000edc80000)
  to   space 14336K, 0% used [0x00000000ec000000,0x00000000ec000000,0x00000000ece00000)
 ParOldGen       total 67584K, used 16794K [0x00000000a0000000, 0x00000000a4200000, 0x00000000e0000000)
  object space 67584K, 24% used [0x00000000a0000000,0x00000000a10668f8,0x00000000a4200000)
 Metaspace       used 34608K, capacity 35262K, committed 35416K, reserved 1079296K
  class space    used 4820K, capacity 5065K, committed 5120K, reserved 1048576K
Event: 6.490 GC heap after
Heap after GC invocations=8 (full 2):
 PSYoungGen      total 211456K, used 0K [0x00000000e0000000, 0x00000000ede80000, 0x0000000100000000)
  eden space 196608K, 0% used [0x00000000e0000000,0x00000000e0000000,0x00000000ec000000)
  from space 14848K, 0% used [0x00000000ece00000,0x00000000ece00000,0x00000000edc80000)
  to   space 14336K, 0% used [0x00000000ec000000,0x00000000ec000000,0x00000000ece00000)
 ParOldGen       total 109568K, used 16232K [0x00000000a0000000, 0x00000000a6b00000, 0x00000000e0000000)
  object space 109568K, 14% used [0x00000000a0000000,0x00000000a0fda2a8,0x00000000a6b00000)
 Metaspace       used 34608K, capacity 35262K, committed 35416K, reserved 1079296K
  class space    used 4820K, capacity 5065K, committed 5120K, reserved 1048576K
}
Event: 9.259 GC heap before
{Heap before GC invocations=9 (full 2):
 PSYoungGen      total 211456K, used 196608K [0x00000000e0000000, 0x00000000ede80000, 0x0000000100000000)
  eden space 196608K, 100% used [0x00000000e0000000,0x00000000ec000000,0x00000000ec000000)
  from space 14848K, 0% used [0x00000000ece00000,0x00000000ece00000,0x00000000edc80000)
  to   space 14336K, 0% used [0x00000000ec000000,0x00000000ec000000,0x00000000ece00000)
 ParOldGen       total 109568K, used 16232K [0x00000000a0000000, 0x00000000a6b00000, 0x00000000e0000000)
  object space 109568K, 14% used [0x00000000a0000000,0x00000000a0fda2a8,0x00000000a6b00000)
 Metaspace       used 52740K, capacity 53878K, committed 54144K, reserved 1095680K
  class space    used 7125K, capacity 7498K, committed 7552K, reserved 1048576K
Event: 9.292 GC heap after
Heap after GC invocations=9 (full 2):
 PSYoungGen      total 210944K, used 14326K [0x00000000e0000000, 0x00000000f2a80000, 0x0000000100000000)
  eden space 196608K, 0% used [0x00000000e0000000,0x00000000e0000000,0x00000000ec000000)
  from space 14336K, 99% used [0x00000000ec000000,0x00000000ecdfda98,0x00000000ece00000)
  to   space 21504K, 0% used [0x00000000f1580000,0x00000000f1580000,0x00000000f2a80000)
 ParOldGen       total 109568K, used 26444K [0x00000000a0000000, 0x00000000a6b00000, 0x00000000e0000000)
  object space 109568K, 24% used [0x00000000a0000000,0x00000000a19d3198,0x00000000a6b00000)
 Metaspace       used 52740K, capacity 53878K, committed 54144K, reserved 1095680K
  class space    used 7125K, capacity 7498K, committed 7552K, reserved 1048576K
}
Event: 10.230 GC heap before
{Heap before GC invocations=10 (full 2):
 PSYoungGen      total 210944K, used 74214K [0x00000000e0000000, 0x00000000f2a80000, 0x0000000100000000)
  eden space 196608K, 30% used [0x00000000e0000000,0x00000000e3a7bf78,0x00000000ec000000)
  from space 14336K, 99% used [0x00000000ec000000,0x00000000ecdfda98,0x00000000ece00000)
  to   space 21504K, 0% used [0x00000000f1580000,0x00000000f1580000,0x00000000f2a80000)
 ParOldGen       total 109568K, used 26444K [0x00000000a0000000, 0x00000000a6b00000, 0x00000000e0000000)
  object space 109568K, 24% used [0x00000000a0000000,0x00000000a19d3198,0x00000000a6b00000)
 Metaspace       used 57374K, capacity 58948K, committed 59008K, reserved 1099776K
  class space    used 7868K, capacity 8301K, committed 8320K, reserved 1048576K
Event: 10.260 GC heap after
Heap after GC invocations=10 (full 2):
 PSYoungGen      total 282112K, used 18067K [0x00000000e0000000, 0x00000000f3b00000, 0x0000000100000000)
  eden space 260608K, 0% used [0x00000000e0000000,0x00000000e0000000,0x00000000efe80000)
  from space 21504K, 84% used [0x00000000f1580000,0x00000000f2724c98,0x00000000f2a80000)
  to   space 23552K, 0% used [0x00000000efe80000,0x00000000efe80000,0x00000000f1580000)
 ParOldGen       total 109568K, used 26452K [0x00000000a0000000, 0x00000000a6b00000, 0x00000000e0000000)
  object space 109568K, 24% used [0x00000000a0000000,0x00000000a19d5198,0x00000000a6b00000)
 Metaspace       used 57374K, capacity 58948K, committed 59008K, reserved 1099776K
  class space    used 7868K, capacity 8301K, committed 8320K, reserved 1048576K
}
Event: 10.260 GC heap before
{Heap before GC invocations=11 (full 3):
 PSYoungGen      total 282112K, used 18067K [0x00000000e0000000, 0x00000000f3b00000, 0x0000000100000000)
  eden space 260608K, 0% used [0x00000000e0000000,0x00000000e0000000,0x00000000efe80000)
  from space 21504K, 84% used [0x00000000f1580000,0x00000000f2724c98,0x00000000f2a80000)
  to   space 23552K, 0% used [0x00000000efe80000,0x00000000efe80000,0x00000000f1580000)
 ParOldGen       total 109568K, used 26452K [0x00000000a0000000, 0x00000000a6b00000, 0x00000000e0000000)
  object space 109568K, 24% used [0x00000000a0000000,0x00000000a19d5198,0x00000000a6b00000)
 Metaspace       used 57374K, capacity 58948K, committed 59008K, reserved 1099776K
  class space    used 7868K, capacity 8301K, committed 8320K, reserved 1048576K
Event: 10.507 GC heap after
Heap after GC invocations=11 (full 3):
 PSYoungGen      total 282112K, used 0K [0x00000000e0000000, 0x00000000f3b00000, 0x0000000100000000)
  eden space 260608K, 0% used [0x00000000e0000000,0x00000000e0000000,0x00000000efe80000)
  from space 21504K, 0% used [0x00000000f1580000,0x00000000f1580000,0x00000000f2a80000)
  to   space 23552K, 0% used [0x00000000efe80000,0x00000000efe80000,0x00000000f1580000)
 ParOldGen       total 109568K, used 31453K [0x00000000a0000000, 0x00000000a6b00000, 0x00000000e0000000)
  object space 109568K, 28% used [0x00000000a0000000,0x00000000a1eb7420,0x00000000a6b00000)
 Metaspace       used 57374K, capacity 58948K, committed 59008K, reserved 1099776K
  class space    used 7868K, capacity 8301K, committed 8320K, reserved 1048576K
}

Deoptimization events (10 events):
Event: 11.693 Thread 0x00000000191e7800 Uncommon trap: reason=unstable_if action=reinterpret pc=0x000000000355a1f8 method=java.util.HashMap$HashIterator.<init>(Ljava/util/HashMap;)V @ 45
Event: 11.886 Thread 0x00000000191e7800 Uncommon trap: reason=unstable_if action=reinterpret pc=0x0000000003ad2d58 method=org.gradle.internal.hash.HashCode.equals(Ljava/lang/Object;)Z @ 66
Event: 11.895 Thread 0x00000000191e7800 Uncommon trap: reason=class_check action=maybe_recompile pc=0x000000000350e004 method=java.io.ObjectOutputStream$BlockDataOutputStream.drain()V @ 36
Event: 11.897 Thread 0x00000000191e7800 Uncommon trap: reason=class_check action=maybe_recompile pc=0x0000000003a7b934 method=java.io.ObjectOutputStream$BlockDataOutputStream.drain()V @ 36
Event: 11.897 Thread 0x00000000191e7800 Uncommon trap: reason=class_check action=maybe_recompile pc=0x000000000350e004 method=java.io.ObjectOutputStream$BlockDataOutputStream.drain()V @ 36
Event: 11.897 Thread 0x00000000191e7800 Uncommon trap: reason=class_check action=maybe_recompile pc=0x0000000003a3099c method=java.io.ObjectOutputStream$BlockDataOutputStream.drain()V @ 36
Event: 11.897 Thread 0x00000000191e7800 Uncommon trap: reason=class_check action=maybe_recompile pc=0x0000000003a7b934 method=java.io.ObjectOutputStream$BlockDataOutputStream.drain()V @ 36
Event: 11.897 Thread 0x00000000191e7800 Uncommon trap: reason=class_check action=maybe_recompile pc=0x000000000350e004 method=java.io.ObjectOutputStream$BlockDataOutputStream.drain()V @ 36
Event: 11.898 Thread 0x00000000191e7800 Uncommon trap: reason=unstable_if action=reinterpret pc=0x0000000003a6e340 method=java.io.ObjectStreamClass.hasWriteObjectMethod()Z @ 8
Event: 11.898 Thread 0x00000000191e7800 Uncommon trap: reason=class_check action=maybe_recompile pc=0x00000000030d07e4 method=java.io.ObjectOutputStream$BlockDataOutputStream.drain()V @ 36

Classes redefined (0 events):
No events

Internal exceptions (10 events):
Event: 10.213 Thread 0x00000000191e7800 Exception <a 'java/lang/NoSuchMethodError': <clinit>> (0x00000000e37b6350) thrown at [D:\src\AOSP-openjdk-cygwin\jdk8u\hotspot\src\share\vm\prims\jni.cpp, line 1613]
Event: 10.524 Thread 0x00000000191e7800 Exception <a 'java/lang/NoSuchMethodError': <clinit>> (0x00000000e00bab48) thrown at [D:\src\AOSP-openjdk-cygwin\jdk8u\hotspot\src\share\vm\prims\jni.cpp, line 1613]
Event: 10.525 Thread 0x00000000191e7800 Exception <a 'java/lang/NoSuchMethodError': <clinit>> (0x00000000e00d38f0) thrown at [D:\src\AOSP-openjdk-cygwin\jdk8u\hotspot\src\share\vm\prims\jni.cpp, line 1613]
Event: 10.525 Thread 0x00000000191e7800 Exception <a 'java/lang/NoSuchMethodError': <clinit>> (0x00000000e00d5758) thrown at [D:\src\AOSP-openjdk-cygwin\jdk8u\hotspot\src\share\vm\prims\jni.cpp, line 1613]
Event: 10.955 Thread 0x000000001b49d800 Implicit null exception at 0x0000000002bba89d to 0x0000000002bbaa09
Event: 11.700 Thread 0x00000000191e7800 Exception <a 'java/lang/NoSuchMethodError': <clinit>> (0x00000000e15f4ba0) thrown at [D:\src\AOSP-openjdk-cygwin\jdk8u\hotspot\src\share\vm\prims\jni.cpp, line 1613]
Event: 11.896 Thread 0x00000000191e7800 Exception <a 'java/lang/NoSuchMethodError': <clinit>> (0x00000000e2bd40d8) thrown at [D:\src\AOSP-openjdk-cygwin\jdk8u\hotspot\src\share\vm\prims\jni.cpp, line 1613]
Event: 11.897 Thread 0x00000000191e7800 Exception <a 'java/lang/NoSuchMethodError': <clinit>> (0x00000000e2bded70) thrown at [D:\src\AOSP-openjdk-cygwin\jdk8u\hotspot\src\share\vm\prims\jni.cpp, line 1613]
Event: 11.898 Thread 0x00000000191e7800 Exception <a 'java/lang/NoSuchMethodError': <clinit>> (0x00000000e2bfb740) thrown at [D:\src\AOSP-openjdk-cygwin\jdk8u\hotspot\src\share\vm\prims\jni.cpp, line 1613]
Event: 11.899 Thread 0x00000000191e7800 Exception <a 'java/lang/NoSuchMethodError': <clinit>> (0x00000000e2c0a300) thrown at [D:\src\AOSP-openjdk-cygwin\jdk8u\hotspot\src\share\vm\prims\jni.cpp, line 1613]

Events (10 events):
Event: 11.916 loading class org/gradle/cache/internal/SimpleStateCache$1
Event: 11.916 loading class org/gradle/cache/internal/SimpleStateCache$1 done
Event: 11.923 loading class org/gradle/launcher/daemon/server/DaemonRegistryUnavailableExpirationStrategy$1
Event: 11.923 loading class org/gradle/launcher/daemon/server/DaemonRegistryUnavailableExpirationStrategy$1 done
Event: 11.923 loading class com/google/common/collect/Lists$TransformingSequentialList$1
Event: 11.923 loading class com/google/common/collect/Lists$TransformingSequentialList$1 done
Event: 11.924 loading class com/google/common/collect/TransformedListIterator
Event: 11.924 loading class com/google/common/collect/TransformedListIterator done
Event: 11.930 loading class org/gradle/api/internal/changedetection/state/SetValueSnapshot
Event: 11.930 loading class org/gradle/api/internal/changedetection/state/SetValueSnapshot done


Dynamic libraries:
0x00007ff7e4cd0000 - 0x00007ff7e4d01000 	C:\Program Files\Android\Android Studio\jre\bin\java.exe
0x00007ffe79920000 - 0x00007ffe79b0d000 	C:\WINDOWS\SYSTEM32\ntdll.dll
0x00007ffe77720000 - 0x00007ffe777d3000 	C:\WINDOWS\System32\KERNEL32.DLL
0x00007ffe75af0000 - 0x00007ffe75d83000 	C:\WINDOWS\System32\KERNELBASE.dll
0x00007ffe77cc0000 - 0x00007ffe77d63000 	C:\WINDOWS\System32\ADVAPI32.dll
0x00007ffe77640000 - 0x00007ffe776de000 	C:\WINDOWS\System32\msvcrt.dll
0x00007ffe77bc0000 - 0x00007ffe77c5e000 	C:\WINDOWS\System32\sechost.dll
0x00007ffe76bb0000 - 0x00007ffe76cd2000 	C:\WINDOWS\System32\RPCRT4.dll
0x00007ffe77460000 - 0x00007ffe775f7000 	C:\WINDOWS\System32\USER32.dll
0x00007ffe76580000 - 0x00007ffe765a0000 	C:\WINDOWS\System32\win32u.dll
0x00007ffe77600000 - 0x00007ffe77629000 	C:\WINDOWS\System32\GDI32.dll
0x00007ffe765a0000 - 0x00007ffe7673a000 	C:\WINDOWS\System32\gdi32full.dll
0x00007ffe75d90000 - 0x00007ffe75e30000 	C:\WINDOWS\System32\msvcp_win.dll
0x00007ffe759f0000 - 0x00007ffe75aec000 	C:\WINDOWS\System32\ucrtbase.dll
0x00007ffe63e50000 - 0x00007ffe640c9000 	C:\WINDOWS\WinSxS\amd64_microsoft.windows.common-controls_6595b64144ccf1df_6.0.17763.253_none_05b2388e0721fece\COMCTL32.dll
0x00007ffe77890000 - 0x00007ffe77bbd000 	C:\WINDOWS\System32\combase.dll
0x00007ffe767c0000 - 0x00007ffe7683e000 	C:\WINDOWS\System32\bcryptPrimitives.dll
0x00007ffe776f0000 - 0x00007ffe7771e000 	C:\WINDOWS\System32\IMM32.DLL
0x00000000751d0000 - 0x00000000752a2000 	C:\Program Files\Android\Android Studio\jre\jre\bin\msvcr100.dll
0x0000000075390000 - 0x0000000075bd1000 	C:\Program Files\Android\Android Studio\jre\jre\bin\server\jvm.dll
0x00007ffe772a0000 - 0x00007ffe772a8000 	C:\WINDOWS\System32\PSAPI.DLL
0x00007ffe6e020000 - 0x00007ffe6e044000 	C:\WINDOWS\SYSTEM32\WINMM.dll
0x00007ffe6db90000 - 0x00007ffe6db9a000 	C:\WINDOWS\SYSTEM32\VERSION.dll
0x00007ffe64660000 - 0x00007ffe64669000 	C:\WINDOWS\SYSTEM32\WSOCK32.dll
0x00007ffe793d0000 - 0x00007ffe7943d000 	C:\WINDOWS\System32\WS2_32.dll
0x00007ffe6dff0000 - 0x00007ffe6e01d000 	C:\WINDOWS\SYSTEM32\WINMMBASE.dll
0x00007ffe76870000 - 0x00007ffe768ba000 	C:\WINDOWS\System32\cfgmgr32.dll
0x00007ffe6fef0000 - 0x00007ffe6feff000 	C:\Program Files\Android\Android Studio\jre\jre\bin\verify.dll
0x00007ffe6fc70000 - 0x00007ffe6fc99000 	C:\Program Files\Android\Android Studio\jre\jre\bin\java.dll
0x00007ffe6fed0000 - 0x00007ffe6fee6000 	C:\Program Files\Android\Android Studio\jre\jre\bin\zip.dll
0x00007ffe77ee0000 - 0x00007ffe793cf000 	C:\WINDOWS\System32\SHELL32.dll
0x00007ffe777e0000 - 0x00007ffe77888000 	C:\WINDOWS\System32\shcore.dll
0x00007ffe75e30000 - 0x00007ffe7657a000 	C:\WINDOWS\System32\windows.storage.dll
0x00007ffe75940000 - 0x00007ffe75964000 	C:\WINDOWS\System32\profapi.dll
0x00007ffe75970000 - 0x00007ffe759cd000 	C:\WINDOWS\System32\powrprof.dll
0x00007ffe76dc0000 - 0x00007ffe76e12000 	C:\WINDOWS\System32\shlwapi.dll
0x00007ffe759d0000 - 0x00007ffe759e1000 	C:\WINDOWS\System32\kernel.appcore.dll
0x00007ffe767a0000 - 0x00007ffe767b7000 	C:\WINDOWS\System32\cryptsp.dll
0x00007ffe645c0000 - 0x00007ffe645da000 	C:\Program Files\Android\Android Studio\jre\jre\bin\net.dll
0x00007ffe751b0000 - 0x00007ffe75217000 	C:\WINDOWS\system32\mswsock.dll
0x00007ffe5efd0000 - 0x00007ffe5efe1000 	C:\Program Files\Android\Android Studio\jre\jre\bin\nio.dll
0x00007ffe700d0000 - 0x00007ffe700ee000 	C:\Users\Thorsten\.gradle\native\25\windows-amd64\native-platform.dll
0x00007ffe6fc60000 - 0x00007ffe6fc6d000 	C:\Program Files\Android\Android Studio\jre\jre\bin\management.dll
0x00007ffe74d70000 - 0x00007ffe74da3000 	C:\WINDOWS\system32\rsaenh.dll
0x00007ffe76840000 - 0x00007ffe76866000 	C:\WINDOWS\System32\bcrypt.dll
0x00007ffe75850000 - 0x00007ffe75878000 	C:\WINDOWS\SYSTEM32\USERENV.dll
0x00007ffe75380000 - 0x00007ffe7538c000 	C:\WINDOWS\SYSTEM32\CRYPTBASE.dll
0x00007ffe74f10000 - 0x00007ffe74f4d000 	C:\WINDOWS\SYSTEM32\IPHLPAPI.DLL
0x00007ffe77630000 - 0x00007ffe77638000 	C:\WINDOWS\System32\NSI.dll
0x00007ffe6ddb0000 - 0x00007ffe6ddc6000 	C:\WINDOWS\SYSTEM32\dhcpcsvc6.DLL
0x00007ffe6dfd0000 - 0x00007ffe6dfec000 	C:\WINDOWS\SYSTEM32\dhcpcsvc.DLL
0x00007ffe74f50000 - 0x00007ffe75016000 	C:\WINDOWS\SYSTEM32\DNSAPI.dll

VM Arguments:
jvm_args: -Xmx1536m -Dfile.encoding=windows-1252 -Duser.country=DE -Duser.language=de -Duser.variant 
java_command: org.gradle.launcher.daemon.bootstrap.GradleDaemon 4.10.1
java_class_path (initial): C:\Users\Thorsten\.gradle\wrapper\dists\gradle-4.10.1-all\455itskqi2qtf0v2sja68alqd\gradle-4.10.1\lib\gradle-launcher-4.10.1.jar
Launcher Type: SUN_STANDARD

Environment Variables:
JAVA_HOME=C:\Program Files\Java\jdk1.8.0_102
USERNAME=Thorsten
OS=Windows_NT
PROCESSOR_IDENTIFIER=Intel64 Family 6 Model 69 Stepping 1, GenuineIntel



---------------  S Y S T E M  ---------------

OS: Windows 10.0 , 64 bit Build 17763 (10.0.17763.1)

CPU:total 4 (initial active 4) (2 cores per cpu, 2 threads per core) family 6 model 69 stepping 1, cmov, cx8, fxsr, mmx, sse, sse2, sse3, ssse3, sse4.1, sse4.2, popcnt, avx, avx2, aes, clmul, erms, lzcnt, ht, tsc, tscinvbit, bmi1, bmi2

Memory: 4k page, physical 8302956k(681732k free), swap 8302956k(5720k free)

vm_info: OpenJDK 64-Bit Server VM (25.152-b01) for windows-amd64 JRE (1.8.0_152-release-1248-b01), built by "builder" with MS VC++ 10.0 (VS2010)

time: Tue Mar 19 11:15:11 2019
elapsed time: 12 seconds (0d 0h 0m 12s)

