#
# There is insufficient memory for the Java Runtime Environment to continue.
# Native memory allocation (malloc) failed to allocate 755600 bytes for Chunk::new
# Possible reasons:
#   The system is out of physical RAM or swap space
#   In 32 bit mode, the process size limit was hit
# Possible solutions:
#   Reduce memory load on the system
#   Increase physical memory or swap space
#   Check if swap backing store is full
#   Use 64 bit Java on a 64 bit OS
#   Decrease Java heap size (-Xmx/-Xms)
#   Decrease number of Java threads
#   Decrease Java thread stack sizes (-Xss)
#   Set larger code cache with -XX:ReservedCodeCacheSize=
# This output file may be truncated or incomplete.
#
#  Out of Memory Error (allocation.cpp:390), pid=7504, tid=0x0000000000001074
#
# JRE version: OpenJDK Runtime Environment (8.0_152-b01) (build 1.8.0_152-release-1248-b01)
# Java VM: OpenJDK 64-Bit Server VM (25.152-b01 mixed mode windows-amd64 compressed oops)
# Failed to write core dump. Minidumps are not enabled by default on client versions of Windows
#

---------------  T H R E A D  ---------------

Current thread (0x00000000160ef800):  JavaThread "C2 CompilerThread0" daemon [_thread_in_native, id=4212, stack(0x0000000017770000,0x0000000017870000)]

Stack: [0x0000000017770000,0x0000000017870000]
[error occurred during error reporting (printing stack bounds), id 0xc0000005]

Native frames: (J=compiled Java code, j=interpreted, Vv=VM code, C=native code)


Current CompileTask:
C2:   2388 1340   !   4       java.net.URLClassLoader$1::run (63 bytes)


---------------  P R O C E S S  ---------------

Java Threads: ( => current thread )
  0x000000001b5a1800 JavaThread "Cache worker for file hash cache (C:\Users\Thorsten\AndroidStudioProjects\DataSell\.gradle\4.10.1\fileHashes)" [_thread_blocked, id=8612, stack(0x000000001cc90000,0x000000001cd90000)]
  0x000000001941d000 JavaThread "File lock request listener" [_thread_in_native, id=616, stack(0x000000001cb90000,0x000000001cc90000)]
  0x000000001b468000 JavaThread "Cache worker for file hash cache (C:\Users\Thorsten\.gradle\caches\4.10.1\fileHashes)" [_thread_blocked, id=11512, stack(0x000000001bac0000,0x000000001bbc0000)]
  0x00000000190d3000 JavaThread "Stdin handler" [_thread_blocked, id=9352, stack(0x000000001a7f0000,0x000000001a8f0000)]
  0x00000000190c9000 JavaThread "Asynchronous log dispatcher for DefaultDaemonConnection: socket connection from /127.0.0.1:2766 to /127.0.0.1:2767" [_thread_blocked, id=9700, stack(0x000000001a6f0000,0x000000001a7f0000)]
  0x00000000190bb000 JavaThread "Daemon worker" [_thread_in_Java, id=8640, stack(0x000000001a5f0000,0x000000001a6f0000)]
  0x00000000190d6000 JavaThread "Cancel handler" [_thread_blocked, id=7280, stack(0x000000001a2f0000,0x000000001a3f0000)]
  0x0000000019091800 JavaThread "Handler for socket connection from /127.0.0.1:2766 to /127.0.0.1:2767" [_thread_in_native, id=12988, stack(0x000000001a1f0000,0x000000001a2f0000)]
  0x0000000019090800 JavaThread "Daemon" [_thread_blocked, id=3752, stack(0x000000001a0f0000,0x000000001a1f0000)]
  0x0000000018f17000 JavaThread "Daemon periodic checks" [_thread_blocked, id=8996, stack(0x0000000019ff0000,0x000000001a0f0000)]
  0x0000000018f1a800 JavaThread "Incoming local TCP Connector on port 2766" [_thread_in_native, id=12876, stack(0x0000000019d80000,0x0000000019e80000)]
  0x0000000017a98800 JavaThread "Service Thread" daemon [_thread_blocked, id=7568, stack(0x0000000017e70000,0x0000000017f70000)]
  0x00000000160fa800 JavaThread "C1 CompilerThread2" daemon [_thread_in_vm, id=8332, stack(0x0000000017970000,0x0000000017a70000)]
  0x00000000160f4000 JavaThread "C2 CompilerThread1" daemon [_thread_in_native, id=11800, stack(0x0000000017870000,0x0000000017970000)]
=>0x00000000160ef800 JavaThread "C2 CompilerThread0" daemon [_thread_in_native, id=4212, stack(0x0000000017770000,0x0000000017870000)]
  0x00000000160ee000 JavaThread "Attach Listener" daemon [_thread_blocked, id=9720, stack(0x0000000017670000,0x0000000017770000)]
  0x00000000160ed000 JavaThread "Signal Dispatcher" daemon [_thread_blocked, id=2552, stack(0x0000000017570000,0x0000000017670000)]
  0x000000000268d000 JavaThread "Finalizer" daemon [_thread_blocked, id=6680, stack(0x0000000017340000,0x0000000017440000)]
  0x0000000002682000 JavaThread "Reference Handler" daemon [_thread_blocked, id=12260, stack(0x0000000017240000,0x0000000017340000)]
  0x0000000002593800 JavaThread "main" [_thread_blocked, id=2960, stack(0x0000000002450000,0x0000000002550000)]

Other Threads:
  0x00000000160b7800 VMThread [stack: 0x0000000017140000,0x0000000017240000] [id=10152]
  0x000000001614c000 WatcherThread [stack: 0x0000000017f70000,0x0000000018070000] [id=1432]

VM state:not at safepoint (normal execution)

VM Mutex/Monitor currently owned by a thread: None

Heap:
 PSYoungGen      total 38400K, used 25955K [0x00000000e0000000, 0x00000000e4b00000, 0x0000000100000000)
  eden space 33280K, 62% used [0x00000000e0000000,0x00000000e145cdd8,0x00000000e2080000)
  from space 5120K, 99% used [0x00000000e2080000,0x00000000e257c010,0x00000000e2580000)
  to   space 5120K, 0% used [0x00000000e4600000,0x00000000e4600000,0x00000000e4b00000)
 ParOldGen       total 87552K, used 2087K [0x00000000a0000000, 0x00000000a5580000, 0x00000000e0000000)
  object space 87552K, 2% used [0x00000000a0000000,0x00000000a0209ee0,0x00000000a5580000)
 Metaspace       used 15622K, capacity 16054K, committed 16256K, reserved 1062912K
  class space    used 2232K, capacity 2395K, committed 2432K, reserved 1048576K

Card table byte_map: [0x0000000011b40000,0x0000000011e50000] byte_map_base: 0x0000000011640000

Marking Bits: (ParMarkBitMap*) 0x0000000075b55aa0
 Begin Bits: [0x0000000012450000, 0x0000000013c50000)
 End Bits:   [0x0000000013c50000, 0x0000000015450000)

Polling page: 0x0000000000810000

CodeCache: size=245760Kb used=4990Kb max_used=4990Kb free=240769Kb
 bounds [0x0000000002780000, 0x0000000002c70000, 0x0000000011780000]
 total_blobs=1847 nmethods=1469 adapters=291
 compilation: enabled

Compilation events (10 events):
Event: 2.354 Thread 0x00000000160fa800 1473       3       org.gradle.internal.service.DefaultServiceRegistry$SingletonService::getService (18 bytes)
Event: 2.354 Thread 0x00000000160fa800 nmethod 1473 0x0000000002c5e550 code [0x0000000002c5e6e0, 0x0000000002c5e958]
Event: 2.354 Thread 0x00000000160fa800 1476       3       java.lang.String::lastIndexOf (151 bytes)
Event: 2.355 Thread 0x00000000160fa800 nmethod 1476 0x0000000002c5ea50 code [0x0000000002c5ec00, 0x0000000002c5f150]
Event: 2.355 Thread 0x00000000160fa800 1475   !   3       org.gradle.internal.service.DefaultServiceRegistry$ManagedObjectServiceProvider::getInstance (81 bytes)
Event: 2.355 Thread 0x00000000160fa800 nmethod 1475 0x0000000002c5f5d0 code [0x0000000002c5f740, 0x0000000002c5fba8]
Event: 2.355 Thread 0x00000000160fa800 1474       3       org.gradle.internal.service.DefaultServiceRegistry::access$1200 (6 bytes)
Event: 2.355 Thread 0x00000000160fa800 nmethod 1474 0x0000000002c5fc90 code [0x0000000002c5fe00, 0x0000000002c5ff68]
Event: 2.363 Thread 0x00000000160fa800 1477       3       org.gradle.internal.service.DefaultServiceRegistry::getService (14 bytes)
Event: 2.363 Thread 0x00000000160fa800 nmethod 1477 0x0000000002c60010 code [0x0000000002c60180, 0x0000000002c603d8]

GC Heap History (6 events):
Event: 0.690 GC heap before
{Heap before GC invocations=1 (full 0):
 PSYoungGen      total 38400K, used 33280K [0x00000000e0000000, 0x00000000e2a80000, 0x0000000100000000)
  eden space 33280K, 100% used [0x00000000e0000000,0x00000000e2080000,0x00000000e2080000)
  from space 5120K, 0% used [0x00000000e2580000,0x00000000e2580000,0x00000000e2a80000)
  to   space 5120K, 0% used [0x00000000e2080000,0x00000000e2080000,0x00000000e2580000)
 ParOldGen       total 87552K, used 0K [0x00000000a0000000, 0x00000000a5580000, 0x00000000e0000000)
  object space 87552K, 0% used [0x00000000a0000000,0x00000000a0000000,0x00000000a5580000)
 Metaspace       used 6826K, capacity 6970K, committed 7040K, reserved 1056768K
  class space    used 835K, capacity 879K, committed 896K, reserved 1048576K
Event: 0.696 GC heap after
Heap after GC invocations=1 (full 0):
 PSYoungGen      total 38400K, used 4144K [0x00000000e0000000, 0x00000000e2a80000, 0x0000000100000000)
  eden space 33280K, 0% used [0x00000000e0000000,0x00000000e0000000,0x00000000e2080000)
  from space 5120K, 80% used [0x00000000e2080000,0x00000000e248c228,0x00000000e2580000)
  to   space 5120K, 0% used [0x00000000e2580000,0x00000000e2580000,0x00000000e2a80000)
 ParOldGen       total 87552K, used 8K [0x00000000a0000000, 0x00000000a5580000, 0x00000000e0000000)
  object space 87552K, 0% used [0x00000000a0000000,0x00000000a0002000,0x00000000a5580000)
 Metaspace       used 6826K, capacity 6970K, committed 7040K, reserved 1056768K
  class space    used 835K, capacity 879K, committed 896K, reserved 1048576K
}
Event: 1.037 GC heap before
{Heap before GC invocations=2 (full 0):
 PSYoungGen      total 38400K, used 37424K [0x00000000e0000000, 0x00000000e2a80000, 0x0000000100000000)
  eden space 33280K, 100% used [0x00000000e0000000,0x00000000e2080000,0x00000000e2080000)
  from space 5120K, 80% used [0x00000000e2080000,0x00000000e248c228,0x00000000e2580000)
  to   space 5120K, 0% used [0x00000000e2580000,0x00000000e2580000,0x00000000e2a80000)
 ParOldGen       total 87552K, used 8K [0x00000000a0000000, 0x00000000a5580000, 0x00000000e0000000)
  object space 87552K, 0% used [0x00000000a0000000,0x00000000a0002000,0x00000000a5580000)
 Metaspace       used 9483K, capacity 9768K, committed 9856K, reserved 1058816K
  class space    used 1275K, capacity 1360K, committed 1408K, reserved 1048576K
Event: 1.043 GC heap after
Heap after GC invocations=2 (full 0):
 PSYoungGen      total 38400K, used 5043K [0x00000000e0000000, 0x00000000e4b00000, 0x0000000100000000)
  eden space 33280K, 0% used [0x00000000e0000000,0x00000000e0000000,0x00000000e2080000)
  from space 5120K, 98% used [0x00000000e2580000,0x00000000e2a6cd70,0x00000000e2a80000)
  to   space 5120K, 0% used [0x00000000e2080000,0x00000000e2080000,0x00000000e2580000)
 ParOldGen       total 87552K, used 16K [0x00000000a0000000, 0x00000000a5580000, 0x00000000e0000000)
  object space 87552K, 0% used [0x00000000a0000000,0x00000000a0004000,0x00000000a5580000)
 Metaspace       used 9483K, capacity 9768K, committed 9856K, reserved 1058816K
  class space    used 1275K, capacity 1360K, committed 1408K, reserved 1048576K
}
Event: 2.086 GC heap before
{Heap before GC invocations=3 (full 0):
 PSYoungGen      total 38400K, used 38323K [0x00000000e0000000, 0x00000000e4b00000, 0x0000000100000000)
  eden space 33280K, 100% used [0x00000000e0000000,0x00000000e2080000,0x00000000e2080000)
  from space 5120K, 98% used [0x00000000e2580000,0x00000000e2a6cd70,0x00000000e2a80000)
  to   space 5120K, 0% used [0x00000000e2080000,0x00000000e2080000,0x00000000e2580000)
 ParOldGen       total 87552K, used 16K [0x00000000a0000000, 0x00000000a5580000, 0x00000000e0000000)
  object space 87552K, 0% used [0x00000000a0000000,0x00000000a0004000,0x00000000a5580000)
 Metaspace       used 13609K, capacity 14054K, committed 14208K, reserved 1060864K
  class space    used 1917K, capacity 2065K, committed 2176K, reserved 1048576K
Event: 2.095 GC heap after
Heap after GC invocations=3 (full 0):
 PSYoungGen      total 38400K, used 5104K [0x00000000e0000000, 0x00000000e4b00000, 0x0000000100000000)
  eden space 33280K, 0% used [0x00000000e0000000,0x00000000e0000000,0x00000000e2080000)
  from space 5120K, 99% used [0x00000000e2080000,0x00000000e257c010,0x00000000e2580000)
  to   space 5120K, 0% used [0x00000000e4600000,0x00000000e4600000,0x00000000e4b00000)
 ParOldGen       total 87552K, used 2087K [0x00000000a0000000, 0x00000000a5580000, 0x00000000e0000000)
  object space 87552K, 2% used [0x00000000a0000000,0x00000000a0209ee0,0x00000000a5580000)
 Metaspace       used 13609K, capacity 14054K, committed 14208K, reserved 1060864K
  class space    used 1917K, capacity 2065K, committed 2176K, reserved 1048576K
}

Deoptimization events (10 events):
Event: 1.231 Thread 0x0000000002593800 Uncommon trap: reason=unstable_if action=reinterpret pc=0x0000000002aa3cb0 method=java.io.WinNTFileSystem.normalize(Ljava/lang/String;II)Ljava/lang/String; @ 90
Event: 1.814 Thread 0x0000000019091800 Uncommon trap: reason=unstable_if action=reinterpret pc=0x0000000002b681f0 method=java.util.concurrent.ConcurrentHashMap.putVal(Ljava/lang/Object;Ljava/lang/Object;Z)Ljava/lang/Object; @ 206
Event: 1.869 Thread 0x00000000190bb000 Uncommon trap: reason=bimorphic action=maybe_recompile pc=0x0000000002a1107c method=java.util.HashMap.putVal(ILjava/lang/Object;Ljava/lang/Object;ZZ)Ljava/lang/Object; @ 253
Event: 1.869 Thread 0x00000000190bb000 Uncommon trap: reason=bimorphic action=maybe_recompile pc=0x0000000002a1107c method=java.util.HashMap.putVal(ILjava/lang/Object;Ljava/lang/Object;ZZ)Ljava/lang/Object; @ 253
Event: 1.869 Thread 0x00000000190bb000 Uncommon trap: reason=bimorphic action=maybe_recompile pc=0x0000000002a1107c method=java.util.HashMap.putVal(ILjava/lang/Object;Ljava/lang/Object;ZZ)Ljava/lang/Object; @ 253
Event: 2.146 Thread 0x00000000190bb000 Uncommon trap: reason=class_check action=maybe_recompile pc=0x0000000002a337c4 method=java.util.regex.Matcher.match(II)Z @ 86
Event: 2.163 Thread 0x00000000190bb000 Uncommon trap: reason=class_check action=maybe_recompile pc=0x0000000002a337c4 method=java.util.regex.Matcher.match(II)Z @ 86
Event: 2.164 Thread 0x00000000190bb000 Uncommon trap: reason=class_check action=maybe_recompile pc=0x0000000002a337c4 method=java.util.regex.Matcher.match(II)Z @ 86
Event: 2.165 Thread 0x00000000190bb000 Uncommon trap: reason=class_check action=maybe_recompile pc=0x00000000029fefa0 method=java.util.regex.Matcher.match(II)Z @ 86
Event: 2.268 Thread 0x00000000190bb000 Uncommon trap: reason=unstable_if action=reinterpret pc=0x0000000002bb0234 method=java.lang.String.lastIndexOf([CII[CIII)I @ 66

Classes redefined (0 events):
No events

Internal exceptions (10 events):
Event: 1.819 Thread 0x0000000019091800 Exception <a 'java/lang/NoSuchMethodError': <clinit>> (0x00000000e05437c0) thrown at [D:\src\AOSP-openjdk-cygwin\jdk8u\hotspot\src\share\vm\prims\jni.cpp, line 1613]
Event: 1.820 Thread 0x0000000019091800 Exception <a 'java/lang/NoSuchMethodError': <clinit>> (0x00000000e054cda0) thrown at [D:\src\AOSP-openjdk-cygwin\jdk8u\hotspot\src\share\vm\prims\jni.cpp, line 1613]
Event: 1.826 Thread 0x0000000019091800 Exception <a 'java/lang/NoSuchMethodError': <clinit>> (0x00000000e0573ce8) thrown at [D:\src\AOSP-openjdk-cygwin\jdk8u\hotspot\src\share\vm\prims\jni.cpp, line 1613]
Event: 1.828 Thread 0x0000000019091800 Exception <a 'java/lang/NoSuchMethodError': <clinit>> (0x00000000e058bb00) thrown at [D:\src\AOSP-openjdk-cygwin\jdk8u\hotspot\src\share\vm\prims\jni.cpp, line 1613]
Event: 1.829 Thread 0x0000000019091800 Exception <a 'java/lang/NoSuchMethodError': <clinit>> (0x00000000e05945c8) thrown at [D:\src\AOSP-openjdk-cygwin\jdk8u\hotspot\src\share\vm\prims\jni.cpp, line 1613]
Event: 1.830 Thread 0x0000000019091800 Exception <a 'java/lang/NoSuchMethodError': <clinit>> (0x00000000e05aa5b8) thrown at [D:\src\AOSP-openjdk-cygwin\jdk8u\hotspot\src\share\vm\prims\jni.cpp, line 1613]
Event: 1.836 Thread 0x0000000019091800 Exception <a 'java/lang/NoSuchMethodError': <clinit>> (0x00000000e0608840) thrown at [D:\src\AOSP-openjdk-cygwin\jdk8u\hotspot\src\share\vm\prims\jni.cpp, line 1613]
Event: 1.841 Thread 0x0000000019091800 Exception <a 'java/lang/NoSuchMethodError': <clinit>> (0x00000000e0634508) thrown at [D:\src\AOSP-openjdk-cygwin\jdk8u\hotspot\src\share\vm\prims\jni.cpp, line 1613]
Event: 1.846 Thread 0x0000000019091800 Exception <a 'java/lang/NoSuchMethodError': <clinit>> (0x00000000e0663488) thrown at [D:\src\AOSP-openjdk-cygwin\jdk8u\hotspot\src\share\vm\prims\jni.cpp, line 1613]
Event: 1.847 Thread 0x0000000019091800 Exception <a 'java/lang/NoSuchMethodError': <clinit>> (0x00000000e066e828) thrown at [D:\src\AOSP-openjdk-cygwin\jdk8u\hotspot\src\share\vm\prims\jni.cpp, line 1613]

Events (10 events):
Event: 2.384 loading class org/apache/commons/collections/map/AbstractHashedMap$EntrySet done
Event: 2.384 loading class org/apache/commons/collections/map/AbstractReferenceMap$ReferenceEntrySet
Event: 2.384 loading class org/apache/commons/collections/map/AbstractReferenceMap$ReferenceEntrySet done
Event: 2.385 loading class org/apache/commons/collections/map/AbstractHashedMap$Values
Event: 2.385 loading class org/apache/commons/collections/map/AbstractHashedMap$Values done
Event: 2.385 loading class org/apache/commons/collections/map/AbstractReferenceMap$ReferenceValues
Event: 2.385 loading class org/apache/commons/collections/map/AbstractReferenceMap$ReferenceValues done
Event: 2.386 loading class org/gradle/api/internal/NoConventionMapping
Event: 2.386 loading class org/gradle/api/internal/NoConventionMapping done
Event: 2.386 loading class sun/reflect/annotation/AnnotationParser


Dynamic libraries:
0x00007ff678ec0000 - 0x00007ff678ef1000 	C:\Program Files\Android\Android Studio\jre\bin\java.exe
0x00007ffe79920000 - 0x00007ffe79b0d000 	C:\WINDOWS\SYSTEM32\ntdll.dll
0x00007ffe77720000 - 0x00007ffe777d3000 	C:\WINDOWS\System32\KERNEL32.DLL
0x00007ffe75af0000 - 0x00007ffe75d83000 	C:\WINDOWS\System32\KERNELBASE.dll
0x00007ffe77cc0000 - 0x00007ffe77d63000 	C:\WINDOWS\System32\ADVAPI32.dll
0x00007ffe77640000 - 0x00007ffe776de000 	C:\WINDOWS\System32\msvcrt.dll
0x00007ffe77bc0000 - 0x00007ffe77c5e000 	C:\WINDOWS\System32\sechost.dll
0x00007ffe76bb0000 - 0x00007ffe76cd2000 	C:\WINDOWS\System32\RPCRT4.dll
0x00007ffe77460000 - 0x00007ffe775f7000 	C:\WINDOWS\System32\USER32.dll
0x00007ffe76580000 - 0x00007ffe765a0000 	C:\WINDOWS\System32\win32u.dll
0x00007ffe77600000 - 0x00007ffe77629000 	C:\WINDOWS\System32\GDI32.dll
0x00007ffe765a0000 - 0x00007ffe7673a000 	C:\WINDOWS\System32\gdi32full.dll
0x00007ffe75d90000 - 0x00007ffe75e30000 	C:\WINDOWS\System32\msvcp_win.dll
0x00007ffe759f0000 - 0x00007ffe75aec000 	C:\WINDOWS\System32\ucrtbase.dll
0x00007ffe63e50000 - 0x00007ffe640c9000 	C:\WINDOWS\WinSxS\amd64_microsoft.windows.common-controls_6595b64144ccf1df_6.0.17763.253_none_05b2388e0721fece\COMCTL32.dll
0x00007ffe77890000 - 0x00007ffe77bbd000 	C:\WINDOWS\System32\combase.dll
0x00007ffe767c0000 - 0x00007ffe7683e000 	C:\WINDOWS\System32\bcryptPrimitives.dll
0x00007ffe776f0000 - 0x00007ffe7771e000 	C:\WINDOWS\System32\IMM32.DLL
0x00000000751d0000 - 0x00000000752a2000 	C:\Program Files\Android\Android Studio\jre\jre\bin\msvcr100.dll
0x0000000075390000 - 0x0000000075bd1000 	C:\Program Files\Android\Android Studio\jre\jre\bin\server\jvm.dll
0x00007ffe772a0000 - 0x00007ffe772a8000 	C:\WINDOWS\System32\PSAPI.DLL
0x00007ffe64660000 - 0x00007ffe64669000 	C:\WINDOWS\SYSTEM32\WSOCK32.dll
0x00007ffe793d0000 - 0x00007ffe7943d000 	C:\WINDOWS\System32\WS2_32.dll
0x00007ffe6e020000 - 0x00007ffe6e044000 	C:\WINDOWS\SYSTEM32\WINMM.dll
0x00007ffe6dff0000 - 0x00007ffe6e01d000 	C:\WINDOWS\SYSTEM32\WINMMBASE.dll
0x00007ffe6db90000 - 0x00007ffe6db9a000 	C:\WINDOWS\SYSTEM32\VERSION.dll
0x00007ffe76870000 - 0x00007ffe768ba000 	C:\WINDOWS\System32\cfgmgr32.dll
0x00007ffe65830000 - 0x00007ffe6583f000 	C:\Program Files\Android\Android Studio\jre\jre\bin\verify.dll
0x00007ffe5b1f0000 - 0x00007ffe5b219000 	C:\Program Files\Android\Android Studio\jre\jre\bin\java.dll
0x00007ffe645c0000 - 0x00007ffe645d6000 	C:\Program Files\Android\Android Studio\jre\jre\bin\zip.dll
0x00007ffe77ee0000 - 0x00007ffe793cf000 	C:\WINDOWS\System32\SHELL32.dll
0x00007ffe777e0000 - 0x00007ffe77888000 	C:\WINDOWS\System32\shcore.dll
0x00007ffe75e30000 - 0x00007ffe7657a000 	C:\WINDOWS\System32\windows.storage.dll
0x00007ffe75940000 - 0x00007ffe75964000 	C:\WINDOWS\System32\profapi.dll
0x00007ffe75970000 - 0x00007ffe759cd000 	C:\WINDOWS\System32\powrprof.dll
0x00007ffe76dc0000 - 0x00007ffe76e12000 	C:\WINDOWS\System32\shlwapi.dll
0x00007ffe759d0000 - 0x00007ffe759e1000 	C:\WINDOWS\System32\kernel.appcore.dll
0x00007ffe767a0000 - 0x00007ffe767b7000 	C:\WINDOWS\System32\cryptsp.dll
0x00007ffe5b1d0000 - 0x00007ffe5b1ea000 	C:\Program Files\Android\Android Studio\jre\jre\bin\net.dll
0x00007ffe751b0000 - 0x00007ffe75217000 	C:\WINDOWS\system32\mswsock.dll
0x00007ffe5b160000 - 0x00007ffe5b171000 	C:\Program Files\Android\Android Studio\jre\jre\bin\nio.dll
0x00007ffe71af0000 - 0x00007ffe71b0e000 	C:\Users\Thorsten\.gradle\native\25\windows-amd64\native-platform.dll
0x00007ffe5b150000 - 0x00007ffe5b15d000 	C:\Program Files\Android\Android Studio\jre\jre\bin\management.dll
0x00007ffe74d70000 - 0x00007ffe74da3000 	C:\WINDOWS\system32\rsaenh.dll
0x00007ffe76840000 - 0x00007ffe76866000 	C:\WINDOWS\System32\bcrypt.dll
0x00007ffe75850000 - 0x00007ffe75878000 	C:\WINDOWS\SYSTEM32\USERENV.dll
0x00007ffe75380000 - 0x00007ffe7538c000 	C:\WINDOWS\SYSTEM32\CRYPTBASE.dll
0x00007ffe74f10000 - 0x00007ffe74f4d000 	C:\WINDOWS\SYSTEM32\IPHLPAPI.DLL
0x00007ffe77630000 - 0x00007ffe77638000 	C:\WINDOWS\System32\NSI.dll
0x00007ffe6ddb0000 - 0x00007ffe6ddc6000 	C:\WINDOWS\SYSTEM32\dhcpcsvc6.DLL
0x00007ffe6dfd0000 - 0x00007ffe6dfec000 	C:\WINDOWS\SYSTEM32\dhcpcsvc.DLL
0x00007ffe74f50000 - 0x00007ffe75016000 	C:\WINDOWS\SYSTEM32\DNSAPI.dll

VM Arguments:
jvm_args: -Xmx1536m -Dfile.encoding=windows-1252 -Duser.country=DE -Duser.language=de -Duser.variant 
java_command: org.gradle.launcher.daemon.bootstrap.GradleDaemon 4.10.1
java_class_path (initial): C:\Users\Thorsten\.gradle\wrapper\dists\gradle-4.10.1-all\455itskqi2qtf0v2sja68alqd\gradle-4.10.1\lib\gradle-launcher-4.10.1.jar
Launcher Type: SUN_STANDARD

Environment Variables:
JAVA_HOME=C:\Program Files\Java\jdk1.8.0_102
USERNAME=Thorsten
OS=Windows_NT
PROCESSOR_IDENTIFIER=Intel64 Family 6 Model 69 Stepping 1, GenuineIntel



---------------  S Y S T E M  ---------------

OS: Windows 10.0 , 64 bit Build 17763 (10.0.17763.1)

CPU:total 4 (initial active 4) (2 cores per cpu, 2 threads per core) family 6 model 69 stepping 1, cmov, cx8, fxsr, mmx, sse, sse2, sse3, ssse3, sse4.1, sse4.2, popcnt, avx, avx2, aes, clmul, erms, lzcnt, ht, tsc, tscinvbit, bmi1, bmi2

Memory: 4k page, physical 8302956k(648072k free), swap 8302956k(5240k free)

vm_info: OpenJDK 64-Bit Server VM (25.152-b01) for windows-amd64 JRE (1.8.0_152-release-1248-b01), built by "builder" with MS VC++ 10.0 (VS2010)

time: Tue Mar 19 11:12:39 2019
elapsed time: 2 seconds (0d 0h 0m 2s)

