#
# There is insufficient memory for the Java Runtime Environment to continue.
# Native memory allocation (malloc) failed to allocate 2160976 bytes for Chunk::new
# Possible reasons:
#   The system is out of physical RAM or swap space
#   In 32 bit mode, the process size limit was hit
# Possible solutions:
#   Reduce memory load on the system
#   Increase physical memory or swap space
#   Check if swap backing store is full
#   Use 64 bit Java on a 64 bit OS
#   Decrease Java heap size (-Xmx/-Xms)
#   Decrease number of Java threads
#   Decrease Java thread stack sizes (-Xss)
#   Set larger code cache with -XX:ReservedCodeCacheSize=
# This output file may be truncated or incomplete.
#
#  Out of Memory Error (allocation.cpp:390), pid=7592, tid=0x00000000000015d0
#
# JRE version: OpenJDK Runtime Environment (8.0_152-b01) (build 1.8.0_152-release-1248-b01)
# Java VM: OpenJDK 64-Bit Server VM (25.152-b01 mixed mode windows-amd64 compressed oops)
# Failed to write core dump. Minidumps are not enabled by default on client versions of Windows
#

---------------  T H R E A D  ---------------

Current thread (0x00000000160d0000):  JavaThread "C2 CompilerThread0" daemon [_thread_in_native, id=5584, stack(0x0000000017760000,0x0000000017860000)]

Stack: [0x0000000017760000,0x0000000017860000]
[error occurred during error reporting (printing stack bounds), id 0xc0000005]

Native frames: (J=compiled Java code, j=interpreted, Vv=VM code, C=native code)


Current CompileTask:
C2:   2942 1346       4       java.net.URLClassLoader$1::run (5 bytes)


---------------  P R O C E S S  ---------------

Java Threads: ( => current thread )
  0x0000000019255800 JavaThread "Cache worker for journal cache (C:\Users\Thorsten\.gradle\caches\journal-1)" [_thread_blocked, id=9332, stack(0x000000001cd80000,0x000000001ce80000)]
  0x0000000019258800 JavaThread "Cache worker for file hash cache (C:\Users\Thorsten\AndroidStudioProjects\DataSell\.gradle\4.10.1\fileHashes)" [_thread_blocked, id=9376, stack(0x000000001bcb0000,0x000000001bdb0000)]
  0x000000001978d000 JavaThread "File lock request listener" [_thread_in_native, id=8716, stack(0x000000001bbb0000,0x000000001bcb0000)]
  0x000000001978c800 JavaThread "Cache worker for file hash cache (C:\Users\Thorsten\.gradle\caches\4.10.1\fileHashes)" [_thread_blocked, id=7736, stack(0x000000001bab0000,0x000000001bbb0000)]
  0x000000001923c800 JavaThread "Stdin handler" [_thread_blocked, id=10028, stack(0x000000001a7e0000,0x000000001a8e0000)]
  0x0000000018ed1800 JavaThread "Asynchronous log dispatcher for DefaultDaemonConnection: socket connection from /127.0.0.1:2748 to /127.0.0.1:2749" [_thread_blocked, id=10000, stack(0x000000001a6e0000,0x000000001a7e0000)]
  0x0000000018ecf800 JavaThread "Daemon worker" [_thread_blocked, id=848, stack(0x000000001a5e0000,0x000000001a6e0000)]
  0x0000000018eab800 JavaThread "Cancel handler" [_thread_blocked, id=10992, stack(0x000000001a4e0000,0x000000001a5e0000)]
  0x0000000018dd5000 JavaThread "Handler for socket connection from /127.0.0.1:2748 to /127.0.0.1:2749" [_thread_in_native, id=3828, stack(0x000000001a1e0000,0x000000001a2e0000)]
  0x0000000018dd4000 JavaThread "Daemon" [_thread_blocked, id=10140, stack(0x000000001a0e0000,0x000000001a1e0000)]
  0x0000000018dec800 JavaThread "Daemon periodic checks" [_thread_blocked, id=9380, stack(0x0000000019fe0000,0x000000001a0e0000)]
  0x000000001913b000 JavaThread "Incoming local TCP Connector on port 2748" [_thread_in_native, id=5344, stack(0x0000000019d70000,0x0000000019e70000)]
  0x0000000017a89800 JavaThread "Service Thread" daemon [_thread_blocked, id=11976, stack(0x0000000017e60000,0x0000000017f60000)]
  0x00000000160dc000 JavaThread "C1 CompilerThread2" daemon [_thread_blocked, id=6180, stack(0x0000000017960000,0x0000000017a60000)]
  0x00000000160d7800 JavaThread "C2 CompilerThread1" daemon [_thread_blocked, id=12644, stack(0x0000000017860000,0x0000000017960000)]
=>0x00000000160d0000 JavaThread "C2 CompilerThread0" daemon [_thread_in_native, id=5584, stack(0x0000000017760000,0x0000000017860000)]
  0x00000000160cf000 JavaThread "Attach Listener" daemon [_thread_blocked, id=10752, stack(0x0000000017660000,0x0000000017760000)]
  0x00000000160cc000 JavaThread "Signal Dispatcher" daemon [_thread_blocked, id=8844, stack(0x0000000017560000,0x0000000017660000)]
  0x000000000275d000 JavaThread "Finalizer" daemon [_thread_blocked, id=10744, stack(0x0000000017330000,0x0000000017430000)]
  0x0000000002752000 JavaThread "Reference Handler" daemon [_thread_blocked, id=2144, stack(0x0000000017230000,0x0000000017330000)]
  0x0000000002663800 JavaThread "main" [_thread_blocked, id=9616, stack(0x0000000002560000,0x0000000002660000)]

Other Threads:
  0x0000000016097800 VMThread [stack: 0x0000000017130000,0x0000000017230000] [id=104]
  0x0000000017a8a800 WatcherThread [stack: 0x0000000017f60000,0x0000000018060000] [id=11936]

VM state:at safepoint (normal execution)

VM Mutex/Monitor currently owned by a thread:  ([mutex/lock_event])
[0x0000000002660150] Threads_lock - owner thread: 0x0000000016097800
[0x0000000002660dd0] Heap_lock - owner thread: 0x0000000018ecf800

Heap:
 PSYoungGen      total 38400K, used 38368K [0x00000000e0000000, 0x00000000e4b00000, 0x0000000100000000)
  eden space 33280K, 100% used [0x00000000e0000000,0x00000000e2080000,0x00000000e2080000)
  from space 5120K, 99% used [0x00000000e2080000,0x00000000e2578040,0x00000000e2580000)
  to   space 5120K, 91% used [0x00000000e4600000,0x00000000e4a90020,0x00000000e4b00000)
 ParOldGen       total 87552K, used 2093K [0x00000000a0000000, 0x00000000a5580000, 0x00000000e0000000)
  object space 87552K, 2% used [0x00000000a0000000,0x00000000a020b7e0,0x00000000a5580000)
 Metaspace       used 16740K, capacity 17174K, committed 17408K, reserved 1064960K
  class space    used 2411K, capacity 2555K, committed 2560K, reserved 1048576K

Card table byte_map: [0x0000000011b20000,0x0000000011e30000] byte_map_base: 0x0000000011620000

Marking Bits: (ParMarkBitMap*) 0x0000000075b55aa0
 Begin Bits: [0x0000000012430000, 0x0000000013c30000)
 End Bits:   [0x0000000013c30000, 0x0000000015430000)

Polling page: 0x0000000000860000

CodeCache: size=245760Kb used=5138Kb max_used=5138Kb free=240621Kb
 bounds [0x0000000002760000, 0x0000000002c70000, 0x0000000011760000]
 total_blobs=1879 nmethods=1494 adapters=298
 compilation: enabled

Compilation events (10 events):
Event: 2.894 Thread 0x00000000160dc000 nmethod 1497 0x0000000002c63bd0 code [0x0000000002c63d20, 0x0000000002c63f90]
Event: 2.930 Thread 0x00000000160dc000 1498       3       java.util.TreeMap::put (247 bytes)
Event: 2.932 Thread 0x00000000160dc000 nmethod 1498 0x0000000002c64050 code [0x0000000002c642c0, 0x0000000002c65498]
Event: 2.932 Thread 0x00000000160dc000 1499       3       java.util.TreeMap::leftOf (13 bytes)
Event: 2.932 Thread 0x00000000160dc000 nmethod 1499 0x0000000002c65bd0 code [0x0000000002c65d20, 0x0000000002c65eb0]
Event: 2.932 Thread 0x00000000160dc000 1500       3       java.lang.String::compareTo (9 bytes)
Event: 2.932 Thread 0x00000000160dc000 nmethod 1500 0x0000000002c65f50 code [0x0000000002c660c0, 0x0000000002c663a8]
Event: 2.933 Thread 0x00000000160dc000 1501       3       java.lang.reflect.Modifier::isPrivate (12 bytes)
Event: 2.933 Thread 0x00000000160dc000 nmethod 1501 0x0000000002c66450 code [0x0000000002c665a0, 0x0000000002c66730]
Event: 2.933 Thread 0x00000000160dc000 1502       3       java.lang.Class::forName (53 bytes)

GC Heap History (7 events):
Event: 0.883 GC heap before
{Heap before GC invocations=1 (full 0):
 PSYoungGen      total 38400K, used 33280K [0x00000000e0000000, 0x00000000e2a80000, 0x0000000100000000)
  eden space 33280K, 100% used [0x00000000e0000000,0x00000000e2080000,0x00000000e2080000)
  from space 5120K, 0% used [0x00000000e2580000,0x00000000e2580000,0x00000000e2a80000)
  to   space 5120K, 0% used [0x00000000e2080000,0x00000000e2080000,0x00000000e2580000)
 ParOldGen       total 87552K, used 0K [0x00000000a0000000, 0x00000000a5580000, 0x00000000e0000000)
  object space 87552K, 0% used [0x00000000a0000000,0x00000000a0000000,0x00000000a5580000)
 Metaspace       used 6827K, capacity 6970K, committed 7040K, reserved 1056768K
  class space    used 835K, capacity 879K, committed 896K, reserved 1048576K
Event: 0.890 GC heap after
Heap after GC invocations=1 (full 0):
 PSYoungGen      total 38400K, used 4164K [0x00000000e0000000, 0x00000000e2a80000, 0x0000000100000000)
  eden space 33280K, 0% used [0x00000000e0000000,0x00000000e0000000,0x00000000e2080000)
  from space 5120K, 81% used [0x00000000e2080000,0x00000000e2491238,0x00000000e2580000)
  to   space 5120K, 0% used [0x00000000e2580000,0x00000000e2580000,0x00000000e2a80000)
 ParOldGen       total 87552K, used 8K [0x00000000a0000000, 0x00000000a5580000, 0x00000000e0000000)
  object space 87552K, 0% used [0x00000000a0000000,0x00000000a0002000,0x00000000a5580000)
 Metaspace       used 6827K, capacity 6970K, committed 7040K, reserved 1056768K
  class space    used 835K, capacity 879K, committed 896K, reserved 1048576K
}
Event: 1.338 GC heap before
{Heap before GC invocations=2 (full 0):
 PSYoungGen      total 38400K, used 37444K [0x00000000e0000000, 0x00000000e2a80000, 0x0000000100000000)
  eden space 33280K, 100% used [0x00000000e0000000,0x00000000e2080000,0x00000000e2080000)
  from space 5120K, 81% used [0x00000000e2080000,0x00000000e2491238,0x00000000e2580000)
  to   space 5120K, 0% used [0x00000000e2580000,0x00000000e2580000,0x00000000e2a80000)
 ParOldGen       total 87552K, used 8K [0x00000000a0000000, 0x00000000a5580000, 0x00000000e0000000)
  object space 87552K, 0% used [0x00000000a0000000,0x00000000a0002000,0x00000000a5580000)
 Metaspace       used 9489K, capacity 9768K, committed 9856K, reserved 1058816K
  class space    used 1275K, capacity 1360K, committed 1408K, reserved 1048576K
Event: 1.346 GC heap after
Heap after GC invocations=2 (full 0):
 PSYoungGen      total 38400K, used 5055K [0x00000000e0000000, 0x00000000e4b00000, 0x0000000100000000)
  eden space 33280K, 0% used [0x00000000e0000000,0x00000000e0000000,0x00000000e2080000)
  from space 5120K, 98% used [0x00000000e2580000,0x00000000e2a6ff80,0x00000000e2a80000)
  to   space 5120K, 0% used [0x00000000e2080000,0x00000000e2080000,0x00000000e2580000)
 ParOldGen       total 87552K, used 16K [0x00000000a0000000, 0x00000000a5580000, 0x00000000e0000000)
  object space 87552K, 0% used [0x00000000a0000000,0x00000000a0004000,0x00000000a5580000)
 Metaspace       used 9489K, capacity 9768K, committed 9856K, reserved 1058816K
  class space    used 1275K, capacity 1360K, committed 1408K, reserved 1048576K
}
Event: 2.480 GC heap before
{Heap before GC invocations=3 (full 0):
 PSYoungGen      total 38400K, used 38335K [0x00000000e0000000, 0x00000000e4b00000, 0x0000000100000000)
  eden space 33280K, 100% used [0x00000000e0000000,0x00000000e2080000,0x00000000e2080000)
  from space 5120K, 98% used [0x00000000e2580000,0x00000000e2a6ff80,0x00000000e2a80000)
  to   space 5120K, 0% used [0x00000000e2080000,0x00000000e2080000,0x00000000e2580000)
 ParOldGen       total 87552K, used 16K [0x00000000a0000000, 0x00000000a5580000, 0x00000000e0000000)
  object space 87552K, 0% used [0x00000000a0000000,0x00000000a0004000,0x00000000a5580000)
 Metaspace       used 13616K, capacity 14054K, committed 14208K, reserved 1060864K
  class space    used 1917K, capacity 2065K, committed 2176K, reserved 1048576K
Event: 2.487 GC heap after
Heap after GC invocations=3 (full 0):
 PSYoungGen      total 38400K, used 5088K [0x00000000e0000000, 0x00000000e4b00000, 0x0000000100000000)
  eden space 33280K, 0% used [0x00000000e0000000,0x00000000e0000000,0x00000000e2080000)
  from space 5120K, 99% used [0x00000000e2080000,0x00000000e2578040,0x00000000e2580000)
  to   space 5120K, 0% used [0x00000000e4600000,0x00000000e4600000,0x00000000e4b00000)
 ParOldGen       total 87552K, used 2085K [0x00000000a0000000, 0x00000000a5580000, 0x00000000e0000000)
  object space 87552K, 2% used [0x00000000a0000000,0x00000000a02097e0,0x00000000a5580000)
 Metaspace       used 13616K, capacity 14054K, committed 14208K, reserved 1060864K
  class space    used 1917K, capacity 2065K, committed 2176K, reserved 1048576K
}
Event: 2.933 GC heap before
{Heap before GC invocations=4 (full 0):
 PSYoungGen      total 38400K, used 38368K [0x00000000e0000000, 0x00000000e4b00000, 0x0000000100000000)
  eden space 33280K, 100% used [0x00000000e0000000,0x00000000e2080000,0x00000000e2080000)
  from space 5120K, 99% used [0x00000000e2080000,0x00000000e2578040,0x00000000e2580000)
  to   space 5120K, 0% used [0x00000000e4600000,0x00000000e4600000,0x00000000e4b00000)
 ParOldGen       total 87552K, used 2085K [0x00000000a0000000, 0x00000000a5580000, 0x00000000e0000000)
  object space 87552K, 2% used [0x00000000a0000000,0x00000000a02097e0,0x00000000a5580000)
 Metaspace       used 16740K, capacity 17174K, committed 17408K, reserved 1064960K
  class space    used 2411K, capacity 2555K, committed 2560K, reserved 1048576K

Deoptimization events (10 events):
Event: 2.186 Thread 0x0000000018dd5000 Uncommon trap: reason=unstable_if action=reinterpret pc=0x0000000002b5d970 method=java.util.concurrent.ConcurrentHashMap.putVal(Ljava/lang/Object;Ljava/lang/Object;Z)Ljava/lang/Object; @ 206
Event: 2.245 Thread 0x0000000018ecf800 Uncommon trap: reason=bimorphic action=maybe_recompile pc=0x00000000029ec650 method=java.util.HashMap.putVal(ILjava/lang/Object;Ljava/lang/Object;ZZ)Ljava/lang/Object; @ 253
Event: 2.245 Thread 0x0000000018ecf800 Uncommon trap: reason=bimorphic action=maybe_recompile pc=0x00000000029ec650 method=java.util.HashMap.putVal(ILjava/lang/Object;Ljava/lang/Object;ZZ)Ljava/lang/Object; @ 253
Event: 2.246 Thread 0x0000000018ecf800 Uncommon trap: reason=bimorphic action=maybe_recompile pc=0x00000000029ec650 method=java.util.HashMap.putVal(ILjava/lang/Object;Ljava/lang/Object;ZZ)Ljava/lang/Object; @ 253
Event: 2.246 Thread 0x0000000018ecf800 Uncommon trap: reason=bimorphic action=maybe_recompile pc=0x00000000029e7944 method=java.util.HashMap.putVal(ILjava/lang/Object;Ljava/lang/Object;ZZ)Ljava/lang/Object; @ 253
Event: 2.520 Thread 0x0000000018ecf800 Uncommon trap: reason=class_check action=maybe_recompile pc=0x0000000002a23544 method=java.util.regex.Matcher.match(II)Z @ 86
Event: 2.530 Thread 0x0000000018ecf800 Uncommon trap: reason=class_check action=maybe_recompile pc=0x0000000002a23544 method=java.util.regex.Matcher.match(II)Z @ 86
Event: 2.531 Thread 0x0000000018ecf800 Uncommon trap: reason=class_check action=maybe_recompile pc=0x0000000002a23544 method=java.util.regex.Matcher.match(II)Z @ 86
Event: 2.531 Thread 0x0000000018ecf800 Uncommon trap: reason=class_check action=maybe_recompile pc=0x00000000029e141c method=java.util.regex.Matcher.match(II)Z @ 86
Event: 2.630 Thread 0x0000000018ecf800 Uncommon trap: reason=unstable_if action=reinterpret pc=0x0000000002ba8b34 method=java.lang.String.lastIndexOf([CII[CIII)I @ 66

Classes redefined (0 events):
No events

Internal exceptions (10 events):
Event: 2.190 Thread 0x0000000018dd5000 Exception <a 'java/lang/NoSuchMethodError': <clinit>> (0x00000000e05468a8) thrown at [D:\src\AOSP-openjdk-cygwin\jdk8u\hotspot\src\share\vm\prims\jni.cpp, line 1613]
Event: 2.191 Thread 0x0000000018dd5000 Exception <a 'java/lang/NoSuchMethodError': <clinit>> (0x00000000e054fe88) thrown at [D:\src\AOSP-openjdk-cygwin\jdk8u\hotspot\src\share\vm\prims\jni.cpp, line 1613]
Event: 2.195 Thread 0x0000000018dd5000 Exception <a 'java/lang/NoSuchMethodError': <clinit>> (0x00000000e0576db0) thrown at [D:\src\AOSP-openjdk-cygwin\jdk8u\hotspot\src\share\vm\prims\jni.cpp, line 1613]
Event: 2.197 Thread 0x0000000018dd5000 Exception <a 'java/lang/NoSuchMethodError': <clinit>> (0x00000000e058ebc8) thrown at [D:\src\AOSP-openjdk-cygwin\jdk8u\hotspot\src\share\vm\prims\jni.cpp, line 1613]
Event: 2.198 Thread 0x0000000018dd5000 Exception <a 'java/lang/NoSuchMethodError': <clinit>> (0x00000000e0597690) thrown at [D:\src\AOSP-openjdk-cygwin\jdk8u\hotspot\src\share\vm\prims\jni.cpp, line 1613]
Event: 2.199 Thread 0x0000000018dd5000 Exception <a 'java/lang/NoSuchMethodError': <clinit>> (0x00000000e05ad5c0) thrown at [D:\src\AOSP-openjdk-cygwin\jdk8u\hotspot\src\share\vm\prims\jni.cpp, line 1613]
Event: 2.207 Thread 0x0000000018dd5000 Exception <a 'java/lang/NoSuchMethodError': <clinit>> (0x00000000e060b8b0) thrown at [D:\src\AOSP-openjdk-cygwin\jdk8u\hotspot\src\share\vm\prims\jni.cpp, line 1613]
Event: 2.211 Thread 0x0000000018dd5000 Exception <a 'java/lang/NoSuchMethodError': <clinit>> (0x00000000e0637578) thrown at [D:\src\AOSP-openjdk-cygwin\jdk8u\hotspot\src\share\vm\prims\jni.cpp, line 1613]
Event: 2.216 Thread 0x0000000018dd5000 Exception <a 'java/lang/NoSuchMethodError': <clinit>> (0x00000000e06664f8) thrown at [D:\src\AOSP-openjdk-cygwin\jdk8u\hotspot\src\share\vm\prims\jni.cpp, line 1613]
Event: 2.217 Thread 0x0000000018dd5000 Exception <a 'java/lang/NoSuchMethodError': <clinit>> (0x00000000e0671898) thrown at [D:\src\AOSP-openjdk-cygwin\jdk8u\hotspot\src\share\vm\prims\jni.cpp, line 1613]

Events (10 events):
Event: 2.931 loading class org/gradle/api/plugins/PluginContainer done
Event: 2.931 loading class org/gradle/api/plugins/PluginCollection
Event: 2.931 loading class org/gradle/api/plugins/PluginCollection done
Event: 2.931 loading class org/gradle/api/DomainObjectSet
Event: 2.931 loading class org/gradle/api/DomainObjectSet done
Event: 2.931 loading class org/gradle/api/DomainObjectCollection
Event: 2.931 loading class org/gradle/api/DomainObjectCollection done
Event: 2.932 loading class org/gradle/configuration/ConfigurationTargetIdentifier
Event: 2.932 loading class org/gradle/configuration/ConfigurationTargetIdentifier done
Event: 2.933 Executing VM operation: ParallelGCFailedAllocation


Dynamic libraries:
0x00007ff678ec0000 - 0x00007ff678ef1000 	C:\Program Files\Android\Android Studio\jre\bin\java.exe
0x00007ffe79920000 - 0x00007ffe79b0d000 	C:\WINDOWS\SYSTEM32\ntdll.dll
0x00007ffe77720000 - 0x00007ffe777d3000 	C:\WINDOWS\System32\KERNEL32.DLL
0x00007ffe75af0000 - 0x00007ffe75d83000 	C:\WINDOWS\System32\KERNELBASE.dll
0x00007ffe77cc0000 - 0x00007ffe77d63000 	C:\WINDOWS\System32\ADVAPI32.dll
0x00007ffe77640000 - 0x00007ffe776de000 	C:\WINDOWS\System32\msvcrt.dll
0x00007ffe77bc0000 - 0x00007ffe77c5e000 	C:\WINDOWS\System32\sechost.dll
0x00007ffe76bb0000 - 0x00007ffe76cd2000 	C:\WINDOWS\System32\RPCRT4.dll
0x00007ffe77460000 - 0x00007ffe775f7000 	C:\WINDOWS\System32\USER32.dll
0x00007ffe76580000 - 0x00007ffe765a0000 	C:\WINDOWS\System32\win32u.dll
0x00007ffe77600000 - 0x00007ffe77629000 	C:\WINDOWS\System32\GDI32.dll
0x00007ffe765a0000 - 0x00007ffe7673a000 	C:\WINDOWS\System32\gdi32full.dll
0x00007ffe75d90000 - 0x00007ffe75e30000 	C:\WINDOWS\System32\msvcp_win.dll
0x00007ffe759f0000 - 0x00007ffe75aec000 	C:\WINDOWS\System32\ucrtbase.dll
0x00007ffe63e50000 - 0x00007ffe640c9000 	C:\WINDOWS\WinSxS\amd64_microsoft.windows.common-controls_6595b64144ccf1df_6.0.17763.253_none_05b2388e0721fece\COMCTL32.dll
0x00007ffe77890000 - 0x00007ffe77bbd000 	C:\WINDOWS\System32\combase.dll
0x00007ffe767c0000 - 0x00007ffe7683e000 	C:\WINDOWS\System32\bcryptPrimitives.dll
0x00007ffe776f0000 - 0x00007ffe7771e000 	C:\WINDOWS\System32\IMM32.DLL
0x00000000751d0000 - 0x00000000752a2000 	C:\Program Files\Android\Android Studio\jre\jre\bin\msvcr100.dll
0x0000000075390000 - 0x0000000075bd1000 	C:\Program Files\Android\Android Studio\jre\jre\bin\server\jvm.dll
0x00007ffe772a0000 - 0x00007ffe772a8000 	C:\WINDOWS\System32\PSAPI.DLL
0x00007ffe6e020000 - 0x00007ffe6e044000 	C:\WINDOWS\SYSTEM32\WINMM.dll
0x00007ffe6db90000 - 0x00007ffe6db9a000 	C:\WINDOWS\SYSTEM32\VERSION.dll
0x00007ffe64660000 - 0x00007ffe64669000 	C:\WINDOWS\SYSTEM32\WSOCK32.dll
0x00007ffe793d0000 - 0x00007ffe7943d000 	C:\WINDOWS\System32\WS2_32.dll
0x00007ffe6dff0000 - 0x00007ffe6e01d000 	C:\WINDOWS\SYSTEM32\winmmbase.dll
0x00007ffe76870000 - 0x00007ffe768ba000 	C:\WINDOWS\System32\cfgmgr32.dll
0x00007ffe65830000 - 0x00007ffe6583f000 	C:\Program Files\Android\Android Studio\jre\jre\bin\verify.dll
0x00007ffe5b1f0000 - 0x00007ffe5b219000 	C:\Program Files\Android\Android Studio\jre\jre\bin\java.dll
0x00007ffe645c0000 - 0x00007ffe645d6000 	C:\Program Files\Android\Android Studio\jre\jre\bin\zip.dll
0x00007ffe77ee0000 - 0x00007ffe793cf000 	C:\WINDOWS\System32\SHELL32.dll
0x00007ffe777e0000 - 0x00007ffe77888000 	C:\WINDOWS\System32\shcore.dll
0x00007ffe75e30000 - 0x00007ffe7657a000 	C:\WINDOWS\System32\windows.storage.dll
0x00007ffe75940000 - 0x00007ffe75964000 	C:\WINDOWS\System32\profapi.dll
0x00007ffe75970000 - 0x00007ffe759cd000 	C:\WINDOWS\System32\powrprof.dll
0x00007ffe76dc0000 - 0x00007ffe76e12000 	C:\WINDOWS\System32\shlwapi.dll
0x00007ffe759d0000 - 0x00007ffe759e1000 	C:\WINDOWS\System32\kernel.appcore.dll
0x00007ffe767a0000 - 0x00007ffe767b7000 	C:\WINDOWS\System32\cryptsp.dll
0x00007ffe5b1d0000 - 0x00007ffe5b1ea000 	C:\Program Files\Android\Android Studio\jre\jre\bin\net.dll
0x00007ffe751b0000 - 0x00007ffe75217000 	C:\WINDOWS\system32\mswsock.dll
0x00007ffe5b160000 - 0x00007ffe5b171000 	C:\Program Files\Android\Android Studio\jre\jre\bin\nio.dll
0x00007ffe71af0000 - 0x00007ffe71b0e000 	C:\Users\Thorsten\.gradle\native\25\windows-amd64\native-platform.dll
0x00007ffe5b150000 - 0x00007ffe5b15d000 	C:\Program Files\Android\Android Studio\jre\jre\bin\management.dll
0x00007ffe74d70000 - 0x00007ffe74da3000 	C:\WINDOWS\system32\rsaenh.dll
0x00007ffe76840000 - 0x00007ffe76866000 	C:\WINDOWS\System32\bcrypt.dll
0x00007ffe75850000 - 0x00007ffe75878000 	C:\WINDOWS\SYSTEM32\USERENV.dll
0x00007ffe75380000 - 0x00007ffe7538c000 	C:\WINDOWS\SYSTEM32\CRYPTBASE.dll
0x00007ffe74f10000 - 0x00007ffe74f4d000 	C:\WINDOWS\SYSTEM32\IPHLPAPI.DLL
0x00007ffe77630000 - 0x00007ffe77638000 	C:\WINDOWS\System32\NSI.dll
0x00007ffe6ddb0000 - 0x00007ffe6ddc6000 	C:\WINDOWS\SYSTEM32\dhcpcsvc6.DLL
0x00007ffe6dfd0000 - 0x00007ffe6dfec000 	C:\WINDOWS\SYSTEM32\dhcpcsvc.DLL
0x00007ffe74f50000 - 0x00007ffe75016000 	C:\WINDOWS\SYSTEM32\DNSAPI.dll

VM Arguments:
jvm_args: -Xmx1536m -Dfile.encoding=windows-1252 -Duser.country=DE -Duser.language=de -Duser.variant 
java_command: org.gradle.launcher.daemon.bootstrap.GradleDaemon 4.10.1
java_class_path (initial): C:\Users\Thorsten\.gradle\wrapper\dists\gradle-4.10.1-all\455itskqi2qtf0v2sja68alqd\gradle-4.10.1\lib\gradle-launcher-4.10.1.jar
Launcher Type: SUN_STANDARD

Environment Variables:
JAVA_HOME=C:\Program Files\Java\jdk1.8.0_102
USERNAME=Thorsten
OS=Windows_NT
PROCESSOR_IDENTIFIER=Intel64 Family 6 Model 69 Stepping 1, GenuineIntel



---------------  S Y S T E M  ---------------

OS: Windows 10.0 , 64 bit Build 17763 (10.0.17763.1)

CPU:total 4 (initial active 4) (2 cores per cpu, 2 threads per core) family 6 model 69 stepping 1, cmov, cx8, fxsr, mmx, sse, sse2, sse3, ssse3, sse4.1, sse4.2, popcnt, avx, avx2, aes, clmul, erms, lzcnt, ht, tsc, tscinvbit, bmi1, bmi2

Memory: 4k page, physical 8302956k(637648k free), swap 8302956k(6496k free)

vm_info: OpenJDK 64-Bit Server VM (25.152-b01) for windows-amd64 JRE (1.8.0_152-release-1248-b01), built by "builder" with MS VC++ 10.0 (VS2010)

time: Tue Mar 19 11:12:19 2019
elapsed time: 2 seconds (0d 0h 0m 2s)

