#
# There is insufficient memory for the Java Runtime Environment to continue.
# Native memory allocation (malloc) failed to allocate 664336 bytes for Chunk::new
# Possible reasons:
#   The system is out of physical RAM or swap space
#   In 32 bit mode, the process size limit was hit
# Possible solutions:
#   Reduce memory load on the system
#   Increase physical memory or swap space
#   Check if swap backing store is full
#   Use 64 bit Java on a 64 bit OS
#   Decrease Java heap size (-Xmx/-Xms)
#   Decrease number of Java threads
#   Decrease Java thread stack sizes (-Xss)
#   Set larger code cache with -XX:ReservedCodeCacheSize=
# This output file may be truncated or incomplete.
#
#  Out of Memory Error (allocation.cpp:390), pid=2232, tid=0x000000000000211c
#
# JRE version: OpenJDK Runtime Environment (8.0_152-b01) (build 1.8.0_152-release-1248-b01)
# Java VM: OpenJDK 64-Bit Server VM (25.152-b01 mixed mode windows-amd64 compressed oops)
# Failed to write core dump. Minidumps are not enabled by default on client versions of Windows
#

---------------  T H R E A D  ---------------

Current thread (0x0000000016bbf800):  JavaThread "C2 CompilerThread0" daemon [_thread_in_native, id=8476, stack(0x0000000018240000,0x0000000018340000)]

Stack: [0x0000000018240000,0x0000000018340000]
[error occurred during error reporting (printing stack bounds), id 0xc0000005]

Native frames: (J=compiled Java code, j=interpreted, Vv=VM code, C=native code)


Current CompileTask:
C2:1923697 14831       4       com.android.tools.r8.ir.regalloc.LinearScanRegisterAllocator::allocateSingleInterval (823 bytes)


---------------  P R O C E S S  ---------------

Java Threads: ( => current thread )
  0x000000001dacf000 JavaThread "ForkJoinPool.commonPool-worker-1" daemon [_thread_in_Java, id=9440, stack(0x0000000026470000,0x0000000026570000)]
  0x000000001dacc000 JavaThread "ForkJoinPool.commonPool-worker-0" daemon [_thread_in_Java, id=11408, stack(0x0000000026370000,0x0000000026470000)]
  0x000000001dac9000 JavaThread "Cache worker for Java compile cache (C:\Users\Thorsten\AndroidStudioProjects\DataSell\.gradle\4.10.1\javaCompile)" [_thread_blocked, id=1020, stack(0x0000000026050000,0x0000000026150000)]
  0x000000001b74a800 JavaThread "Cache worker for Java compile cache (C:\Users\Thorsten\.gradle\caches\4.10.1\javaCompile)" [_thread_blocked, id=4704, stack(0x0000000025f50000,0x0000000026050000)]
  0x0000000016bd1000 JavaThread "stdout" daemon [_thread_in_native, id=11500, stack(0x0000000025e50000,0x0000000025f50000)]
  0x0000000016bce000 JavaThread "stderr" daemon [_thread_in_native, id=11704, stack(0x0000000025d50000,0x0000000025e50000)]
  0x000000001b749000 JavaThread "stdout" daemon [_thread_in_native, id=6932, stack(0x0000000025c50000,0x0000000025d50000)]
  0x000000001b74e800 JavaThread "stderr" daemon [_thread_in_native, id=10748, stack(0x0000000025b50000,0x0000000025c50000)]
  0x000000001b74c000 JavaThread "pool-5-thread-1" [_thread_blocked, id=7432, stack(0x0000000025a50000,0x0000000025b50000)]
  0x000000001b74f000 JavaThread "ForkJoinPool.commonPool-worker-3" daemon [_thread_in_native, id=9224, stack(0x0000000025950000,0x0000000025a50000)]
  0x000000001b746000 JavaThread "Cache worker for Build Output Cleanup Cache (C:\Users\Thorsten\AndroidStudioProjects\DataSell\.gradle\buildOutputCleanup)" [_thread_blocked, id=9084, stack(0x0000000025650000,0x0000000025750000)]
  0x000000001b740000 JavaThread "Cache worker for task history cache (C:\Users\Thorsten\AndroidStudioProjects\DataSell\.gradle\4.10.1\taskHistory)" [_thread_blocked, id=732, stack(0x0000000025550000,0x0000000025650000)]
  0x000000001f967000 JavaThread "Task worker for ':' Thread 3" [_thread_blocked, id=11288, stack(0x0000000025450000,0x0000000025550000)]
  0x000000001f966000 JavaThread "Task worker for ':' Thread 2" [_thread_blocked, id=8024, stack(0x0000000025350000,0x0000000025450000)]
  0x000000001f965800 JavaThread "Task worker for ':'" [_thread_blocked, id=6632, stack(0x0000000025250000,0x0000000025350000)]
  0x000000001f967800 JavaThread "Cache worker for file content cache (C:\Users\Thorsten\AndroidStudioProjects\DataSell\.gradle\4.10.1\fileContent)" [_thread_blocked, id=11428, stack(0x0000000025150000,0x0000000025250000)]
  0x000000001f95e000 JavaThread "Cache worker for file content cache (C:\Users\Thorsten\.gradle\caches\4.10.1\fileContent)" [_thread_blocked, id=6856, stack(0x0000000025050000,0x0000000025150000)]
  0x000000001f964800 JavaThread "Build operations Thread 4" [_thread_blocked, id=2800, stack(0x0000000024f50000,0x0000000025050000)]
  0x000000001f95d000 JavaThread "Build operations Thread 3" [_thread_blocked, id=10336, stack(0x0000000024e50000,0x0000000024f50000)]
  0x000000001f964000 JavaThread "Build operations Thread 2" [_thread_blocked, id=188, stack(0x0000000024d50000,0x0000000024e50000)]
  0x000000001f963000 JavaThread "Build operations" [_thread_blocked, id=11848, stack(0x0000000024c50000,0x0000000024d50000)]
  0x000000001f962800 JavaThread "Cache worker for cache directory md-rule (C:\Users\Thorsten\.gradle\caches\4.10.1\md-rule)" [_thread_blocked, id=10480, stack(0x0000000024b50000,0x0000000024c50000)]
  0x000000001f95c800 JavaThread "Cache worker for cache directory md-supplier (C:\Users\Thorsten\.gradle\caches\4.10.1\md-supplier)" [_thread_blocked, id=1560, stack(0x0000000024a50000,0x0000000024b50000)]
  0x000000001f95b000 JavaThread "Cache worker for file hash cache (C:\Users\Thorsten\AndroidStudioProjects\DataSell\.gradle\4.10.1\fileHashes)" [_thread_blocked, id=3824, stack(0x0000000024950000,0x0000000024a50000)]
  0x000000001f961800 JavaThread "Stdin handler" [_thread_blocked, id=7208, stack(0x0000000024850000,0x0000000024950000)]
  0x000000001f95e800 JavaThread "Asynchronous log dispatcher for DefaultDaemonConnection: socket connection from /127.0.0.1:12146 to /127.0.0.1:12470" [_thread_blocked, id=6428, stack(0x0000000024750000,0x0000000024850000)]
  0x000000001f95a000 JavaThread "Daemon worker Thread 2" [_thread_blocked, id=1152, stack(0x0000000024650000,0x0000000024750000)]
  0x000000001f961000 JavaThread "Cancel handler" [_thread_blocked, id=10968, stack(0x0000000024550000,0x0000000024650000)]
  0x000000001f959800 JavaThread "Handler for socket connection from /127.0.0.1:12146 to /127.0.0.1:12470" [_thread_in_native, id=3464, stack(0x0000000024450000,0x0000000024550000)]
  0x000000001f960000 JavaThread "Daemon Thread 2" [_thread_blocked, id=5692, stack(0x0000000024350000,0x0000000024450000)]
  0x000000001b74b000 JavaThread "Memory manager" [_thread_blocked, id=11276, stack(0x00000000227b0000,0x00000000228b0000)]
  0x0000000016bd2800 JavaThread "Cache worker for Artifact transforms cache (C:\Users\Thorsten\.gradle\caches\transforms-1)" [_thread_blocked, id=1948, stack(0x0000000020990000,0x0000000020a90000)]
  0x0000000016bcd000 JavaThread "Cache worker for journal cache (C:\Users\Thorsten\.gradle\caches\journal-1)" [_thread_blocked, id=9572, stack(0x000000001d860000,0x000000001d960000)]
  0x000000001c198000 JavaThread "File lock request listener" [_thread_in_native, id=10312, stack(0x000000001d660000,0x000000001d760000)]
  0x000000001bf31000 JavaThread "Cache worker for file hash cache (C:\Users\Thorsten\.gradle\caches\4.10.1\fileHashes)" [_thread_blocked, id=7620, stack(0x000000001c590000,0x000000001c690000)]
  0x000000001904a800 JavaThread "Daemon periodic checks" [_thread_blocked, id=2508, stack(0x000000001aac0000,0x000000001abc0000)]
  0x0000000019049800 JavaThread "Incoming local TCP Connector on port 12146" [_thread_in_native, id=6896, stack(0x000000001a850000,0x000000001a950000)]
  0x0000000018574000 JavaThread "Service Thread" daemon [_thread_blocked, id=12952, stack(0x0000000018940000,0x0000000018a40000)]
  0x0000000016bd3000 JavaThread "C1 CompilerThread2" daemon [_thread_in_native, id=10012, stack(0x0000000018440000,0x0000000018540000)]
  0x0000000016bc4800 JavaThread "C2 CompilerThread1" daemon [_thread_in_native, id=11644, stack(0x0000000018340000,0x0000000018440000)]
=>0x0000000016bbf800 JavaThread "C2 CompilerThread0" daemon [_thread_in_native, id=8476, stack(0x0000000018240000,0x0000000018340000)]
  0x0000000016bbe000 JavaThread "Attach Listener" daemon [_thread_blocked, id=3740, stack(0x0000000018140000,0x0000000018240000)]
  0x0000000016bbd000 JavaThread "Signal Dispatcher" daemon [_thread_blocked, id=10120, stack(0x0000000018040000,0x0000000018140000)]
  0x000000000324d800 JavaThread "Finalizer" daemon [_thread_blocked, id=9468, stack(0x0000000017e10000,0x0000000017f10000)]
  0x0000000003242800 JavaThread "Reference Handler" daemon [_thread_blocked, id=9220, stack(0x0000000017d10000,0x0000000017e10000)]
  0x0000000003153800 JavaThread "main" [_thread_blocked, id=12468, stack(0x0000000003010000,0x0000000003110000)]

Other Threads:
  0x0000000016b87000 VMThread [stack: 0x0000000017c10000,0x0000000017d10000] [id=5128]
  0x0000000018574800 WatcherThread [stack: 0x0000000018a40000,0x0000000018b40000] [id=12192]

VM state:not at safepoint (normal execution)

VM Mutex/Monitor currently owned by a thread: None

Heap:
 PSYoungGen      total 348160K, used 46107K [0x00000000e0000000, 0x00000000f7f80000, 0x0000000100000000)
  eden space 311808K, 14% used [0x00000000e0000000,0x00000000e2d06e20,0x00000000f3080000)
  from space 36352K, 0% used [0x00000000f5c00000,0x00000000f5c00000,0x00000000f7f80000)
  to   space 40448K, 0% used [0x00000000f3080000,0x00000000f3080000,0x00000000f5800000)
 ParOldGen       total 137216K, used 54176K [0x00000000a0000000, 0x00000000a8600000, 0x00000000e0000000)
  object space 137216K, 39% used [0x00000000a0000000,0x00000000a34e8298,0x00000000a8600000)
 Metaspace       used 84513K, capacity 87250K, committed 88192K, reserved 1126400K
  class space    used 10829K, capacity 11449K, committed 11648K, reserved 1048576K

Card table byte_map: [0x0000000012610000,0x0000000012920000] byte_map_base: 0x0000000012110000

Marking Bits: (ParMarkBitMap*) 0x0000000057c05aa0
 Begin Bits: [0x0000000012f20000, 0x0000000014720000)
 End Bits:   [0x0000000014720000, 0x0000000015f20000)

Polling page: 0x00000000017d0000

CodeCache: size=245760Kb used=41404Kb max_used=41407Kb free=204355Kb
 bounds [0x0000000003250000, 0x0000000005b00000, 0x0000000012250000]
 total_blobs=13412 nmethods=12555 adapters=768
 compilation: enabled

Compilation events (10 events):
Event: 1923.690 Thread 0x0000000016bd3000 nmethod 14889 0x0000000005aec410 code [0x0000000005aec600, 0x0000000005aecd98]
Event: 1923.690 Thread 0x0000000016bd3000 14890       3       com.android.tools.r8.com.google.common.collect.ImmutableList::copyOf (44 bytes)
Event: 1923.691 Thread 0x0000000016bd3000 nmethod 14890 0x0000000005aed050 code [0x0000000005aed280, 0x0000000005aedef8]
Event: 1923.691 Thread 0x0000000016bd3000 14891       3       com.android.tools.r8.it.unimi.dsi.fastutil.ints.Int2ReferenceOpenHashMap::int2ReferenceEntrySet (5 bytes)
Event: 1923.692 Thread 0x0000000016bd3000 nmethod 14891 0x0000000005aee390 code [0x0000000005aee520, 0x0000000005aee9d0]
Event: 1923.693 Thread 0x0000000016bd3000 14892       3       java.util.Optional::of (9 bytes)
Event: 1923.693 Thread 0x0000000016bd3000 nmethod 14892 0x00000000033797d0 code [0x0000000003379960, 0x0000000003379d08]
Event: 1923.694 Thread 0x0000000016bd3000 14893       3       java.util.Optional::<init> (13 bytes)
Event: 1923.695 Thread 0x0000000016bd3000 nmethod 14893 0x00000000033791d0 code [0x0000000003379340, 0x0000000003379668]
Event: 1923.696 Thread 0x0000000016bd3000 14894       3       com.android.tools.r8.graph.DexEncodedAnnotation::hashCode (19 bytes)

GC Heap History (10 events):
Event: 1916.547 GC heap before
{Heap before GC invocations=22 (full 3):
 PSYoungGen      total 209920K, used 205267K [0x00000000e0000000, 0x00000000ef680000, 0x0000000100000000)
  eden space 186880K, 99% used [0x00000000e0000000,0x00000000eb58aa18,0x00000000eb680000)
  from space 23040K, 84% used [0x00000000ece80000,0x00000000ee16a508,0x00000000ee500000)
  to   space 24576K, 0% used [0x00000000eb680000,0x00000000eb680000,0x00000000ece80000)
 ParOldGen       total 137216K, used 33624K [0x00000000a0000000, 0x00000000a8600000, 0x00000000e0000000)
  object space 137216K, 24% used [0x00000000a0000000,0x00000000a20d61e0,0x00000000a8600000)
 Metaspace       used 76042K, capacity 78324K, committed 78592K, reserved 1118208K
  class space    used 9831K, capacity 10425K, committed 10496K, reserved 1048576K
Event: 1916.578 GC heap after
Heap after GC invocations=22 (full 3):
 PSYoungGen      total 211456K, used 18051K [0x00000000e0000000, 0x00000000f2300000, 0x0000000100000000)
  eden space 186880K, 0% used [0x00000000e0000000,0x00000000e0000000,0x00000000eb680000)
  from space 24576K, 73% used [0x00000000eb680000,0x00000000ec820ce0,0x00000000ece80000)
  to   space 25600K, 0% used [0x00000000f0a00000,0x00000000f0a00000,0x00000000f2300000)
 ParOldGen       total 137216K, used 33632K [0x00000000a0000000, 0x00000000a8600000, 0x00000000e0000000)
  object space 137216K, 24% used [0x00000000a0000000,0x00000000a20d81e0,0x00000000a8600000)
 Metaspace       used 76042K, capacity 78324K, committed 78592K, reserved 1118208K
  class space    used 9831K, capacity 10425K, committed 10496K, reserved 1048576K
}
Event: 1920.234 GC heap before
{Heap before GC invocations=23 (full 3):
 PSYoungGen      total 211456K, used 204931K [0x00000000e0000000, 0x00000000f2300000, 0x0000000100000000)
  eden space 186880K, 100% used [0x00000000e0000000,0x00000000eb680000,0x00000000eb680000)
  from space 24576K, 73% used [0x00000000eb680000,0x00000000ec820ce0,0x00000000ece80000)
  to   space 25600K, 0% used [0x00000000f0a00000,0x00000000f0a00000,0x00000000f2300000)
 ParOldGen       total 137216K, used 33633K [0x00000000a0000000, 0x00000000a8600000, 0x00000000e0000000)
  object space 137216K, 24% used [0x00000000a0000000,0x00000000a20d8750,0x00000000a8600000)
 Metaspace       used 77710K, capacity 80296K, committed 80512K, reserved 1120256K
  class space    used 10003K, capacity 10620K, committed 10624K, reserved 1048576K
Event: 1920.309 GC heap after
Heap after GC invocations=23 (full 3):
 PSYoungGen      total 269312K, used 23554K [0x00000000e0000000, 0x00000000f2600000, 0x0000000100000000)
  eden space 243712K, 0% used [0x00000000e0000000,0x00000000e0000000,0x00000000eee00000)
  from space 25600K, 92% used [0x00000000f0a00000,0x00000000f2100b18,0x00000000f2300000)
  to   space 28672K, 0% used [0x00000000eee00000,0x00000000eee00000,0x00000000f0a00000)
 ParOldGen       total 137216K, used 40449K [0x00000000a0000000, 0x00000000a8600000, 0x00000000e0000000)
  object space 137216K, 29% used [0x00000000a0000000,0x00000000a27805a8,0x00000000a8600000)
 Metaspace       used 77710K, capacity 80296K, committed 80512K, reserved 1120256K
  class space    used 10003K, capacity 10620K, committed 10624K, reserved 1048576K
}
Event: 1922.106 GC heap before
{Heap before GC invocations=24 (full 3):
 PSYoungGen      total 269312K, used 267266K [0x00000000e0000000, 0x00000000f2600000, 0x0000000100000000)
  eden space 243712K, 100% used [0x00000000e0000000,0x00000000eee00000,0x00000000eee00000)
  from space 25600K, 92% used [0x00000000f0a00000,0x00000000f2100b18,0x00000000f2300000)
  to   space 28672K, 0% used [0x00000000eee00000,0x00000000eee00000,0x00000000f0a00000)
 ParOldGen       total 137216K, used 40452K [0x00000000a0000000, 0x00000000a8600000, 0x00000000e0000000)
  object space 137216K, 29% used [0x00000000a0000000,0x00000000a2781020,0x00000000a8600000)
 Metaspace       used 80359K, capacity 83074K, committed 83200K, reserved 1122304K
  class space    used 10322K, capacity 10941K, committed 11008K, reserved 1048576K
Event: 1922.184 GC heap after
Heap after GC invocations=24 (full 3):
 PSYoungGen      total 272384K, used 28649K [0x00000000e0000000, 0x00000000f8500000, 0x0000000100000000)
  eden space 243712K, 0% used [0x00000000e0000000,0x00000000e0000000,0x00000000eee00000)
  from space 28672K, 99% used [0x00000000eee00000,0x00000000f09fa6c0,0x00000000f0a00000)
  to   space 41984K, 0% used [0x00000000f5c00000,0x00000000f5c00000,0x00000000f8500000)
 ParOldGen       total 137216K, used 65951K [0x00000000a0000000, 0x00000000a8600000, 0x00000000e0000000)
  object space 137216K, 48% used [0x00000000a0000000,0x00000000a4067f28,0x00000000a8600000)
 Metaspace       used 80359K, capacity 83074K, committed 83200K, reserved 1122304K
  class space    used 10322K, capacity 10941K, committed 11008K, reserved 1048576K
}
Event: 1922.715 GC heap before
{Heap before GC invocations=25 (full 3):
 PSYoungGen      total 272384K, used 52406K [0x00000000e0000000, 0x00000000f8500000, 0x0000000100000000)
  eden space 243712K, 9% used [0x00000000e0000000,0x00000000e1733218,0x00000000eee00000)
  from space 28672K, 99% used [0x00000000eee00000,0x00000000f09fa6c0,0x00000000f0a00000)
  to   space 41984K, 0% used [0x00000000f5c00000,0x00000000f5c00000,0x00000000f8500000)
 ParOldGen       total 137216K, used 65951K [0x00000000a0000000, 0x00000000a8600000, 0x00000000e0000000)
  object space 137216K, 48% used [0x00000000a0000000,0x00000000a4067f28,0x00000000a8600000)
 Metaspace       used 84114K, capacity 87030K, committed 87040K, reserved 1128448K
  class space    used 10854K, capacity 11517K, committed 11520K, reserved 1048576K
Event: 1922.742 GC heap after
Heap after GC invocations=25 (full 3):
 PSYoungGen      total 348160K, used 19537K [0x00000000e0000000, 0x00000000f7f80000, 0x0000000100000000)
  eden space 311808K, 0% used [0x00000000e0000000,0x00000000e0000000,0x00000000f3080000)
  from space 36352K, 53% used [0x00000000f5c00000,0x00000000f6f14538,0x00000000f7f80000)
  to   space 40448K, 0% used [0x00000000f3080000,0x00000000f3080000,0x00000000f5800000)
 ParOldGen       total 137216K, used 66071K [0x00000000a0000000, 0x00000000a8600000, 0x00000000e0000000)
  object space 137216K, 48% used [0x00000000a0000000,0x00000000a4085f28,0x00000000a8600000)
 Metaspace       used 84114K, capacity 87030K, committed 87040K, reserved 1128448K
  class space    used 10854K, capacity 11517K, committed 11520K, reserved 1048576K
}
Event: 1922.742 GC heap before
{Heap before GC invocations=26 (full 4):
 PSYoungGen      total 348160K, used 19537K [0x00000000e0000000, 0x00000000f7f80000, 0x0000000100000000)
  eden space 311808K, 0% used [0x00000000e0000000,0x00000000e0000000,0x00000000f3080000)
  from space 36352K, 53% used [0x00000000f5c00000,0x00000000f6f14538,0x00000000f7f80000)
  to   space 40448K, 0% used [0x00000000f3080000,0x00000000f3080000,0x00000000f5800000)
 ParOldGen       total 137216K, used 66071K [0x00000000a0000000, 0x00000000a8600000, 0x00000000e0000000)
  object space 137216K, 48% used [0x00000000a0000000,0x00000000a4085f28,0x00000000a8600000)
 Metaspace       used 84114K, capacity 87030K, committed 87040K, reserved 1128448K
  class space    used 10854K, capacity 11517K, committed 11520K, reserved 1048576K
Event: 1923.118 GC heap after
Heap after GC invocations=26 (full 4):
 PSYoungGen      total 348160K, used 0K [0x00000000e0000000, 0x00000000f7f80000, 0x0000000100000000)
  eden space 311808K, 0% used [0x00000000e0000000,0x00000000e0000000,0x00000000f3080000)
  from space 36352K, 0% used [0x00000000f5c00000,0x00000000f5c00000,0x00000000f7f80000)
  to   space 40448K, 0% used [0x00000000f3080000,0x00000000f3080000,0x00000000f5800000)
 ParOldGen       total 137216K, used 54176K [0x00000000a0000000, 0x00000000a8600000, 0x00000000e0000000)
  object space 137216K, 39% used [0x00000000a0000000,0x00000000a34e8298,0x00000000a8600000)
 Metaspace       used 83242K, capacity 85534K, committed 87040K, reserved 1126400K
  class space    used 10707K, capacity 11253K, committed 11520K, reserved 1048576K
}

Deoptimization events (10 events):
Event: 1921.884 Thread 0x000000001dacf000 Uncommon trap: reason=class_check action=maybe_recompile pc=0x0000000004a9071c method=java.util.Collections$SetFromMap.add(Ljava/lang/Object;)Z @ 8
Event: 1921.903 Thread 0x000000001dacc000 Uncommon trap: reason=unstable_if action=reinterpret pc=0x00000000039f1c54 method=java.util.concurrent.ConcurrentHashMap.putVal(Ljava/lang/Object;Ljava/lang/Object;Z)Ljava/lang/Object; @ 98
Event: 1921.960 Thread 0x000000001dacf000 Uncommon trap: reason=unstable_if action=reinterpret pc=0x0000000004879f20 method=java.nio.Bits.putInt(Ljava/nio/ByteBuffer;IIZ)V @ 1
Event: 1922.450 Thread 0x000000001dacc000 Uncommon trap: reason=unstable_if action=reinterpret pc=0x0000000005828d4c method=java.util.concurrent.ConcurrentHashMap.putVal(Ljava/lang/Object;Ljava/lang/Object;Z)Ljava/lang/Object; @ 113
Event: 1922.450 Thread 0x000000001dacc000 Uncommon trap: reason=unstable_if action=reinterpret pc=0x00000000036d56d0 method=java.util.concurrent.ConcurrentHashMap.transfer([Ljava/util/concurrent/ConcurrentHashMap$Node;[Ljava/util/concurrent/ConcurrentHashMap$Node;)V @ 34
Event: 1922.451 Thread 0x000000001b74f000 Uncommon trap: reason=unstable_if action=reinterpret pc=0x00000000036d5700 method=java.util.concurrent.ConcurrentHashMap.transfer([Ljava/util/concurrent/ConcurrentHashMap$Node;[Ljava/util/concurrent/ConcurrentHashMap$Node;)V @ 277
Event: 1922.492 Thread 0x000000001dacc000 Uncommon trap: reason=unstable_if action=reinterpret pc=0x000000000421e0e4 method=jdk.internal.org.objectweb.asm.Item.isEqualTo(Ljdk/internal/org/objectweb/asm/Item;)Z @ 331
Event: 1922.546 Thread 0x000000001dacc000 Uncommon trap: reason=unstable_if action=reinterpret pc=0x000000000529fed4 method=java.lang.Integer.compare(II)I @ 11
Event: 1923.369 Thread 0x000000001dacf000 Uncommon trap: reason=unstable_if action=reinterpret pc=0x000000000598b488 method=com.android.tools.r8.ir.conversion.JarSourceCode.getCanonicalDebugPositionAtOffset(I)Lcom/android/tools/r8/ir/code/Position; @ 80
Event: 1923.383 Thread 0x000000001dacc000 Uncommon trap: reason=unstable_if action=reinterpret pc=0x00000000035279fc method=java.util.HashMap.resize()[Ljava/util/HashMap$Node; @ 206

Classes redefined (0 events):
No events

Internal exceptions (10 events):
Event: 1923.453 Thread 0x000000001b74f000 Exception <a 'sun/nio/fs/WindowsException'> (0x00000000e1e9a390) thrown at [D:\src\AOSP-openjdk-cygwin\jdk8u\hotspot\src\share\vm\prims\jni.cpp, line 709]
Event: 1923.513 Thread 0x000000001dacf000 Exception <a 'sun/nio/fs/WindowsException'> (0x00000000e22d4f70) thrown at [D:\src\AOSP-openjdk-cygwin\jdk8u\hotspot\src\share\vm\prims\jni.cpp, line 709]
Event: 1923.521 Thread 0x000000001dacf000 Exception <a 'sun/nio/fs/WindowsException'> (0x00000000e238d800) thrown at [D:\src\AOSP-openjdk-cygwin\jdk8u\hotspot\src\share\vm\prims\jni.cpp, line 709]
Event: 1923.547 Thread 0x000000001b74f000 Exception <a 'sun/nio/fs/WindowsException'> (0x00000000e1edf6e0) thrown at [D:\src\AOSP-openjdk-cygwin\jdk8u\hotspot\src\share\vm\prims\jni.cpp, line 709]
Event: 1923.582 Thread 0x000000001dacf000 Exception <a 'sun/nio/fs/WindowsException'> (0x00000000e25fde38) thrown at [D:\src\AOSP-openjdk-cygwin\jdk8u\hotspot\src\share\vm\prims\jni.cpp, line 709]
Event: 1923.636 Thread 0x000000001dacf000 Exception <a 'sun/nio/fs/WindowsException'> (0x00000000e2643660) thrown at [D:\src\AOSP-openjdk-cygwin\jdk8u\hotspot\src\share\vm\prims\jni.cpp, line 709]
Event: 1923.640 Thread 0x000000001b74f000 Exception <a 'sun/nio/fs/WindowsException'> (0x00000000e29284b8) thrown at [D:\src\AOSP-openjdk-cygwin\jdk8u\hotspot\src\share\vm\prims\jni.cpp, line 709]
Event: 1923.659 Thread 0x000000001b74f000 Exception <a 'sun/nio/fs/WindowsException'> (0x00000000e2a61b70) thrown at [D:\src\AOSP-openjdk-cygwin\jdk8u\hotspot\src\share\vm\prims\jni.cpp, line 709]
Event: 1923.662 Thread 0x000000001dacf000 Exception <a 'sun/nio/fs/WindowsException'> (0x00000000e2688878) thrown at [D:\src\AOSP-openjdk-cygwin\jdk8u\hotspot\src\share\vm\prims\jni.cpp, line 709]
Event: 1923.680 Thread 0x000000001dacf000 Exception <a 'sun/nio/fs/WindowsException'> (0x00000000e2bab538) thrown at [D:\src\AOSP-openjdk-cygwin\jdk8u\hotspot\src\share\vm\prims\jni.cpp, line 709]

Events (10 events):
Event: 1923.504 Thread 0x0000000016bd3000 flushing nmethod 0x0000000004fc9f10
Event: 1923.504 Thread 0x0000000016bd3000 flushing nmethod 0x0000000004fce9d0
Event: 1923.504 Thread 0x0000000016bd3000 flushing nmethod 0x0000000004fd8190
Event: 1923.505 Thread 0x0000000016bd3000 flushing nmethod 0x000000000512e390
Event: 1923.507 Thread 0x0000000016bd3000 flushing nmethod 0x00000000054fb290
Event: 1923.507 Thread 0x0000000016bd3000 flushing nmethod 0x00000000055cb550
Event: 1923.692 Executing VM operation: ForceSafepoint
Event: 1923.692 Executing VM operation: ForceSafepoint done
Event: 1923.692 Thread 0x0000000016bd3000 flushing nmethod 0x0000000003378c10
Event: 1923.696 Thread 0x0000000016bd3000 flushing nmethod 0x0000000003983ad0


Dynamic libraries:
0x00007ff6ad140000 - 0x00007ff6ad171000 	C:\Program Files\Android\Android Studio\jre\bin\java.exe
0x00007ffdf0750000 - 0x00007ffdf093d000 	C:\WINDOWS\SYSTEM32\ntdll.dll
0x00007ffdeec40000 - 0x00007ffdeecf3000 	C:\WINDOWS\System32\KERNEL32.DLL
0x00007ffdec820000 - 0x00007ffdecab3000 	C:\WINDOWS\System32\KERNELBASE.dll
0x00007ffdee890000 - 0x00007ffdee933000 	C:\WINDOWS\System32\ADVAPI32.dll
0x00007ffdeed80000 - 0x00007ffdeee1e000 	C:\WINDOWS\System32\msvcrt.dll
0x00007ffdeeba0000 - 0x00007ffdeec3e000 	C:\WINDOWS\System32\sechost.dll
0x00007ffdede10000 - 0x00007ffdedf32000 	C:\WINDOWS\System32\RPCRT4.dll
0x00007ffdee6c0000 - 0x00007ffdee857000 	C:\WINDOWS\System32\USER32.dll
0x00007ffded120000 - 0x00007ffded140000 	C:\WINDOWS\System32\win32u.dll
0x00007ffdeefb0000 - 0x00007ffdeefd9000 	C:\WINDOWS\System32\GDI32.dll
0x00007ffdecac0000 - 0x00007ffdecc5a000 	C:\WINDOWS\System32\gdi32full.dll
0x00007ffded8e0000 - 0x00007ffded980000 	C:\WINDOWS\System32\msvcp_win.dll
0x00007ffdecd10000 - 0x00007ffdece0c000 	C:\WINDOWS\System32\ucrtbase.dll
0x00007ffdddd90000 - 0x00007ffdde009000 	C:\WINDOWS\WinSxS\amd64_microsoft.windows.common-controls_6595b64144ccf1df_6.0.17763.253_none_05b2388e0721fece\COMCTL32.dll
0x00007ffded980000 - 0x00007ffdedcad000 	C:\WINDOWS\System32\combase.dll
0x00007ffdecc60000 - 0x00007ffdeccde000 	C:\WINDOWS\System32\bcryptPrimitives.dll
0x00007ffdee570000 - 0x00007ffdee59e000 	C:\WINDOWS\System32\IMM32.DLL
0x0000000057280000 - 0x0000000057352000 	C:\Program Files\Android\Android Studio\jre\jre\bin\msvcr100.dll
0x0000000057440000 - 0x0000000057c81000 	C:\Program Files\Android\Android Studio\jre\jre\bin\server\jvm.dll
0x00007ffdee860000 - 0x00007ffdee868000 	C:\WINDOWS\System32\PSAPI.DLL
0x00007ffdd8ba0000 - 0x00007ffdd8ba9000 	C:\WINDOWS\SYSTEM32\WSOCK32.dll
0x00007ffdee940000 - 0x00007ffdee9ad000 	C:\WINDOWS\System32\WS2_32.dll
0x00007ffde9870000 - 0x00007ffde987a000 	C:\WINDOWS\SYSTEM32\VERSION.dll
0x00007ffde88f0000 - 0x00007ffde8914000 	C:\WINDOWS\SYSTEM32\WINMM.dll
0x00007ffde88c0000 - 0x00007ffde88ed000 	C:\WINDOWS\SYSTEM32\WINMMBASE.dll
0x00007ffded890000 - 0x00007ffded8da000 	C:\WINDOWS\System32\cfgmgr32.dll
0x00007ffde89b0000 - 0x00007ffde89bf000 	C:\Program Files\Android\Android Studio\jre\jre\bin\verify.dll
0x00007ffde4be0000 - 0x00007ffde4c09000 	C:\Program Files\Android\Android Studio\jre\jre\bin\java.dll
0x00007ffde8890000 - 0x00007ffde88a6000 	C:\Program Files\Android\Android Studio\jre\jre\bin\zip.dll
0x00007ffdef1d0000 - 0x00007ffdf06bf000 	C:\WINDOWS\System32\SHELL32.dll
0x00007ffdef120000 - 0x00007ffdef1c8000 	C:\WINDOWS\System32\shcore.dll
0x00007ffded140000 - 0x00007ffded88a000 	C:\WINDOWS\System32\windows.storage.dll
0x00007ffdec7f0000 - 0x00007ffdec814000 	C:\WINDOWS\System32\profapi.dll
0x00007ffdec790000 - 0x00007ffdec7ed000 	C:\WINDOWS\System32\powrprof.dll
0x00007ffdee600000 - 0x00007ffdee652000 	C:\WINDOWS\System32\shlwapi.dll
0x00007ffdec750000 - 0x00007ffdec761000 	C:\WINDOWS\System32\kernel.appcore.dll
0x00007ffdecff0000 - 0x00007ffded007000 	C:\WINDOWS\System32\cryptsp.dll
0x00007ffde4b80000 - 0x00007ffde4b9a000 	C:\Program Files\Android\Android Studio\jre\jre\bin\net.dll
0x00007ffdebf80000 - 0x00007ffdebfe7000 	C:\WINDOWS\system32\mswsock.dll
0x00007ffde4b60000 - 0x00007ffde4b71000 	C:\Program Files\Android\Android Studio\jre\jre\bin\nio.dll
0x00007ffde4c80000 - 0x00007ffde4c9e000 	C:\Users\Thorsten\.gradle\native\25\windows-amd64\native-platform.dll
0x00007ffde8920000 - 0x00007ffde892d000 	C:\Program Files\Android\Android Studio\jre\jre\bin\management.dll
0x00007ffdebb40000 - 0x00007ffdebb73000 	C:\WINDOWS\system32\rsaenh.dll
0x00007ffdecce0000 - 0x00007ffdecd06000 	C:\WINDOWS\System32\bcrypt.dll
0x00007ffdec680000 - 0x00007ffdec6a8000 	C:\WINDOWS\SYSTEM32\USERENV.dll
0x00007ffdec150000 - 0x00007ffdec15c000 	C:\WINDOWS\SYSTEM32\CRYPTBASE.dll
0x00007ffdebce0000 - 0x00007ffdebd1d000 	C:\WINDOWS\SYSTEM32\IPHLPAPI.DLL
0x00007ffdeeef0000 - 0x00007ffdeeef8000 	C:\WINDOWS\System32\NSI.dll
0x00007ffde23a0000 - 0x00007ffde23b6000 	C:\WINDOWS\SYSTEM32\dhcpcsvc6.DLL
0x00007ffde2cd0000 - 0x00007ffde2cec000 	C:\WINDOWS\SYSTEM32\dhcpcsvc.DLL
0x00007ffdebd20000 - 0x00007ffdebde6000 	C:\WINDOWS\SYSTEM32\DNSAPI.dll

VM Arguments:
jvm_args: -Xmx1536m -Dfile.encoding=windows-1252 -Duser.country=DE -Duser.language=de -Duser.variant 
java_command: org.gradle.launcher.daemon.bootstrap.GradleDaemon 4.10.1
java_class_path (initial): C:\Users\Thorsten\.gradle\wrapper\dists\gradle-4.10.1-all\455itskqi2qtf0v2sja68alqd\gradle-4.10.1\lib\gradle-launcher-4.10.1.jar
Launcher Type: SUN_STANDARD

Environment Variables:
JAVA_HOME=C:\Program Files\Java\jdk1.8.0_102
USERNAME=Thorsten
OS=Windows_NT
PROCESSOR_IDENTIFIER=Intel64 Family 6 Model 69 Stepping 1, GenuineIntel



---------------  S Y S T E M  ---------------

OS: Windows 10.0 , 64 bit Build 17763 (10.0.17763.1)

CPU:total 4 (initial active 4) (2 cores per cpu, 2 threads per core) family 6 model 69 stepping 1, cmov, cx8, fxsr, mmx, sse, sse2, sse3, ssse3, sse4.1, sse4.2, popcnt, avx, avx2, aes, clmul, erms, lzcnt, ht, tsc, tscinvbit, bmi1, bmi2

Memory: 4k page, physical 8302956k(612836k free), swap 8302956k(5480k free)

vm_info: OpenJDK 64-Bit Server VM (25.152-b01) for windows-amd64 JRE (1.8.0_152-release-1248-b01), built by "builder" with MS VC++ 10.0 (VS2010)

time: Thu Mar 28 15:30:09 2019
elapsed time: 1923 seconds (0d 0h 32m 3s)

