#
# There is insufficient memory for the Java Runtime Environment to continue.
# Native memory allocation (malloc) failed to allocate 2145616 bytes for Chunk::new
# Possible reasons:
#   The system is out of physical RAM or swap space
#   In 32 bit mode, the process size limit was hit
# Possible solutions:
#   Reduce memory load on the system
#   Increase physical memory or swap space
#   Check if swap backing store is full
#   Use 64 bit Java on a 64 bit OS
#   Decrease Java heap size (-Xmx/-Xms)
#   Decrease number of Java threads
#   Decrease Java thread stack sizes (-Xss)
#   Set larger code cache with -XX:ReservedCodeCacheSize=
# This output file may be truncated or incomplete.
#
#  Out of Memory Error (allocation.cpp:390), pid=5056, tid=0x0000000000001c40
#
# JRE version: OpenJDK Runtime Environment (8.0_152-b01) (build 1.8.0_152-release-1248-b01)
# Java VM: OpenJDK 64-Bit Server VM (25.152-b01 mixed mode windows-amd64 compressed oops)
# Failed to write core dump. Minidumps are not enabled by default on client versions of Windows
#

---------------  T H R E A D  ---------------

Current thread (0x0000000016641000):  JavaThread "C2 CompilerThread0" daemon [_thread_in_native, id=7232, stack(0x0000000017cc0000,0x0000000017dc0000)]

Stack: [0x0000000017cc0000,0x0000000017dc0000]
[error occurred during error reporting (printing stack bounds), id 0xc0000005]

Native frames: (J=compiled Java code, j=interpreted, Vv=VM code, C=native code)


Current CompileTask:
C2:   3198 1403   !   4       java.net.URLClassLoader$1::run (63 bytes)


---------------  P R O C E S S  ---------------

Java Threads: ( => current thread )
  0x0000000019cdc800 JavaThread "Cache worker for journal cache (C:\Users\Thorsten\.gradle\caches\journal-1)" [_thread_blocked, id=6408, stack(0x000000001d410000,0x000000001d510000)]
  0x0000000019cde800 JavaThread "Cache worker for file hash cache (C:\Users\Thorsten\AndroidStudioProjects\DataSell\.gradle\4.10.1\fileHashes)" [_thread_blocked, id=11948, stack(0x000000001c210000,0x000000001c310000)]
  0x000000001998c000 JavaThread "File lock request listener" [_thread_in_native, id=120, stack(0x000000001c110000,0x000000001c210000)]
  0x000000001998b800 JavaThread "Cache worker for file hash cache (C:\Users\Thorsten\.gradle\caches\4.10.1\fileHashes)" [_thread_in_Java, id=12028, stack(0x000000001c010000,0x000000001c110000)]
  0x00000000196d7000 JavaThread "Stdin handler" [_thread_blocked, id=12996, stack(0x000000001ad40000,0x000000001ae40000)]
  0x00000000196d4000 JavaThread "Asynchronous log dispatcher for DefaultDaemonConnection: socket connection from /127.0.0.1:2936 to /127.0.0.1:2937" [_thread_blocked, id=12844, stack(0x000000001ac40000,0x000000001ad40000)]
  0x000000001968a800 JavaThread "Daemon worker" [_thread_blocked, id=3552, stack(0x000000001ab40000,0x000000001ac40000)]
  0x000000001968d000 JavaThread "Cancel handler" [_thread_blocked, id=10760, stack(0x000000001aa40000,0x000000001ab40000)]
  0x00000000193e7800 JavaThread "Handler for socket connection from /127.0.0.1:2936 to /127.0.0.1:2937" [_thread_in_native, id=12816, stack(0x000000001a740000,0x000000001a840000)]
  0x00000000193e2800 JavaThread "Daemon" [_thread_blocked, id=13016, stack(0x000000001a640000,0x000000001a740000)]
  0x00000000195b9000 JavaThread "Daemon periodic checks" [_thread_blocked, id=8468, stack(0x000000001a540000,0x000000001a640000)]
  0x000000001829e800 JavaThread "Incoming local TCP Connector on port 2936" [_thread_in_native, id=12200, stack(0x000000001a2d0000,0x000000001a3d0000)]
  0x0000000017fe3800 JavaThread "Service Thread" daemon [_thread_blocked, id=1432, stack(0x00000000183c0000,0x00000000184c0000)]
  0x000000001664c000 JavaThread "C1 CompilerThread2" daemon [_thread_blocked, id=12400, stack(0x0000000017ec0000,0x0000000017fc0000)]
  0x0000000016645000 JavaThread "C2 CompilerThread1" daemon [_thread_in_native, id=11440, stack(0x0000000017dc0000,0x0000000017ec0000)]
=>0x0000000016641000 JavaThread "C2 CompilerThread0" daemon [_thread_in_native, id=7232, stack(0x0000000017cc0000,0x0000000017dc0000)]
  0x000000001663f800 JavaThread "Attach Listener" daemon [_thread_blocked, id=13136, stack(0x0000000017bc0000,0x0000000017cc0000)]
  0x000000001663c800 JavaThread "Signal Dispatcher" daemon [_thread_blocked, id=5084, stack(0x0000000017ac0000,0x0000000017bc0000)]
  0x0000000002ccd000 JavaThread "Finalizer" daemon [_thread_blocked, id=856, stack(0x0000000017890000,0x0000000017990000)]
  0x0000000002cc2000 JavaThread "Reference Handler" daemon [_thread_blocked, id=7536, stack(0x0000000017790000,0x0000000017890000)]
  0x0000000002bd3800 JavaThread "main" [_thread_blocked, id=11888, stack(0x0000000002a10000,0x0000000002b10000)]

Other Threads:
  0x0000000016607800 VMThread [stack: 0x0000000017690000,0x0000000017790000] [id=1984]
  0x000000001667a000 WatcherThread [stack: 0x00000000184c0000,0x00000000185c0000] [id=10044]

VM state:synchronizing (normal execution)

VM Mutex/Monitor currently owned by a thread:  ([mutex/lock_event])
[0x0000000002bd02d0] Safepoint_lock - owner thread: 0x0000000016607800
[0x0000000002bd0850] Threads_lock - owner thread: 0x0000000016607800
[0x0000000002bd25e0] Compile_lock - owner thread: 0x000000001998b800

Heap:
 PSYoungGen      total 38400K, used 15881K [0x00000000e0000000, 0x00000000e2a80000, 0x0000000100000000)
  eden space 33280K, 32% used [0x00000000e0000000,0x00000000e0a86530,0x00000000e2080000)
  from space 5120K, 99% used [0x00000000e2580000,0x00000000e2a7c030,0x00000000e2a80000)
  to   space 5120K, 0% used [0x00000000e2080000,0x00000000e2080000,0x00000000e2580000)
 ParOldGen       total 87552K, used 5386K [0x00000000a0000000, 0x00000000a5580000, 0x00000000e0000000)
  object space 87552K, 6% used [0x00000000a0000000,0x00000000a0542bd0,0x00000000a5580000)
 Metaspace       used 17808K, capacity 18228K, committed 18432K, reserved 1064960K
  class space    used 2584K, capacity 2752K, committed 2816K, reserved 1048576K

Card table byte_map: [0x0000000012090000,0x00000000123a0000] byte_map_base: 0x0000000011b90000

Marking Bits: (ParMarkBitMap*) 0x0000000075b55aa0
 Begin Bits: [0x00000000129a0000, 0x00000000141a0000)
 End Bits:   [0x00000000141a0000, 0x00000000159a0000)

Polling page: 0x0000000002950000

CodeCache: size=245760Kb used=5328Kb max_used=5328Kb free=240431Kb
 bounds [0x0000000002cd0000, 0x0000000003210000, 0x0000000011cd0000]
 total_blobs=1953 nmethods=1560 adapters=306
 compilation: enabled

Compilation events (10 events):
Event: 3.156 Thread 0x000000001664c000 1559       3       java.util.concurrent.locks.AbstractQueuedSynchronizer::<init> (5 bytes)
Event: 3.157 Thread 0x000000001664c000 nmethod 1559 0x0000000003201f50 code [0x00000000032020c0, 0x00000000032022d0]
Event: 3.157 Thread 0x000000001664c000 1560       3       java.util.concurrent.locks.AbstractOwnableSynchronizer::<init> (5 bytes)
Event: 3.157 Thread 0x000000001664c000 nmethod 1560 0x0000000003202390 code [0x00000000032024e0, 0x0000000003202690]
Event: 3.157 Thread 0x000000001664c000 1561       3       sun.reflect.NativeMethodAccessorImpl::invoke (104 bytes)
Event: 3.159 Thread 0x000000001664c000 nmethod 1561 0x0000000003202b50 code [0x0000000003202dc0, 0x0000000003204258]
Event: 3.168 Thread 0x000000001664c000 1564       3       java.lang.ThreadLocal$ThreadLocalMap::nextIndex (15 bytes)
Event: 3.168 Thread 0x000000001664c000 nmethod 1564 0x0000000003204e90 code [0x0000000003204fe0, 0x0000000003205170]
Event: 3.182 Thread 0x000000001664c000 1566       3       java.lang.Class::privateGetDeclaredConstructors (85 bytes)
Event: 3.183 Thread 0x000000001664c000 nmethod 1566 0x00000000032053d0 code [0x00000000032055a0, 0x0000000003205c98]

GC Heap History (8 events):
Event: 0.979 GC heap before
{Heap before GC invocations=1 (full 0):
 PSYoungGen      total 38400K, used 33280K [0x00000000e0000000, 0x00000000e2a80000, 0x0000000100000000)
  eden space 33280K, 100% used [0x00000000e0000000,0x00000000e2080000,0x00000000e2080000)
  from space 5120K, 0% used [0x00000000e2580000,0x00000000e2580000,0x00000000e2a80000)
  to   space 5120K, 0% used [0x00000000e2080000,0x00000000e2080000,0x00000000e2580000)
 ParOldGen       total 87552K, used 0K [0x00000000a0000000, 0x00000000a5580000, 0x00000000e0000000)
  object space 87552K, 0% used [0x00000000a0000000,0x00000000a0000000,0x00000000a5580000)
 Metaspace       used 6839K, capacity 7034K, committed 7296K, reserved 1056768K
  class space    used 835K, capacity 879K, committed 896K, reserved 1048576K
Event: 0.985 GC heap after
Heap after GC invocations=1 (full 0):
 PSYoungGen      total 38400K, used 4163K [0x00000000e0000000, 0x00000000e2a80000, 0x0000000100000000)
  eden space 33280K, 0% used [0x00000000e0000000,0x00000000e0000000,0x00000000e2080000)
  from space 5120K, 81% used [0x00000000e2080000,0x00000000e2490db8,0x00000000e2580000)
  to   space 5120K, 0% used [0x00000000e2580000,0x00000000e2580000,0x00000000e2a80000)
 ParOldGen       total 87552K, used 8K [0x00000000a0000000, 0x00000000a5580000, 0x00000000e0000000)
  object space 87552K, 0% used [0x00000000a0000000,0x00000000a0002000,0x00000000a5580000)
 Metaspace       used 6839K, capacity 7034K, committed 7296K, reserved 1056768K
  class space    used 835K, capacity 879K, committed 896K, reserved 1048576K
}
Event: 1.339 GC heap before
{Heap before GC invocations=2 (full 0):
 PSYoungGen      total 38400K, used 37443K [0x00000000e0000000, 0x00000000e2a80000, 0x0000000100000000)
  eden space 33280K, 100% used [0x00000000e0000000,0x00000000e2080000,0x00000000e2080000)
  from space 5120K, 81% used [0x00000000e2080000,0x00000000e2490db8,0x00000000e2580000)
  to   space 5120K, 0% used [0x00000000e2580000,0x00000000e2580000,0x00000000e2a80000)
 ParOldGen       total 87552K, used 8K [0x00000000a0000000, 0x00000000a5580000, 0x00000000e0000000)
  object space 87552K, 0% used [0x00000000a0000000,0x00000000a0002000,0x00000000a5580000)
 Metaspace       used 9486K, capacity 9768K, committed 9856K, reserved 1058816K
  class space    used 1275K, capacity 1360K, committed 1408K, reserved 1048576K
Event: 1.344 GC heap after
Heap after GC invocations=2 (full 0):
 PSYoungGen      total 38400K, used 5091K [0x00000000e0000000, 0x00000000e2a80000, 0x0000000100000000)
  eden space 33280K, 0% used [0x00000000e0000000,0x00000000e0000000,0x00000000e2080000)
  from space 5120K, 99% used [0x00000000e2580000,0x00000000e2a78d60,0x00000000e2a80000)
  to   space 5120K, 0% used [0x00000000e2080000,0x00000000e2080000,0x00000000e2580000)
 ParOldGen       total 87552K, used 16K [0x00000000a0000000, 0x00000000a5580000, 0x00000000e0000000)
  object space 87552K, 0% used [0x00000000a0000000,0x00000000a0004000,0x00000000a5580000)
 Metaspace       used 9486K, capacity 9768K, committed 9856K, reserved 1058816K
  class space    used 1275K, capacity 1360K, committed 1408K, reserved 1048576K
}
Event: 2.525 GC heap before
{Heap before GC invocations=3 (full 0):
 PSYoungGen      total 38400K, used 38371K [0x00000000e0000000, 0x00000000e2a80000, 0x0000000100000000)
  eden space 33280K, 100% used [0x00000000e0000000,0x00000000e2080000,0x00000000e2080000)
  from space 5120K, 99% used [0x00000000e2580000,0x00000000e2a78d60,0x00000000e2a80000)
  to   space 5120K, 0% used [0x00000000e2080000,0x00000000e2080000,0x00000000e2580000)
 ParOldGen       total 87552K, used 16K [0x00000000a0000000, 0x00000000a5580000, 0x00000000e0000000)
  object space 87552K, 0% used [0x00000000a0000000,0x00000000a0004000,0x00000000a5580000)
 Metaspace       used 13643K, capacity 14054K, committed 14208K, reserved 1060864K
  class space    used 1918K, capacity 2065K, committed 2176K, reserved 1048576K
Event: 2.532 GC heap after
Heap after GC invocations=3 (full 0):
 PSYoungGen      total 38400K, used 5111K [0x00000000e0000000, 0x00000000e2a80000, 0x0000000100000000)
  eden space 33280K, 0% used [0x00000000e0000000,0x00000000e0000000,0x00000000e2080000)
  from space 5120K, 99% used [0x00000000e2080000,0x00000000e257de98,0x00000000e2580000)
  to   space 5120K, 0% used [0x00000000e2580000,0x00000000e2580000,0x00000000e2a80000)
 ParOldGen       total 87552K, used 2109K [0x00000000a0000000, 0x00000000a5580000, 0x00000000e0000000)
  object space 87552K, 2% used [0x00000000a0000000,0x00000000a020f420,0x00000000a5580000)
 Metaspace       used 13643K, capacity 14054K, committed 14208K, reserved 1060864K
  class space    used 1918K, capacity 2065K, committed 2176K, reserved 1048576K
}
Event: 3.008 GC heap before
{Heap before GC invocations=4 (full 0):
 PSYoungGen      total 38400K, used 38391K [0x00000000e0000000, 0x00000000e2a80000, 0x0000000100000000)
  eden space 33280K, 100% used [0x00000000e0000000,0x00000000e2080000,0x00000000e2080000)
  from space 5120K, 99% used [0x00000000e2080000,0x00000000e257de98,0x00000000e2580000)
  to   space 5120K, 0% used [0x00000000e2580000,0x00000000e2580000,0x00000000e2a80000)
 ParOldGen       total 87552K, used 2109K [0x00000000a0000000, 0x00000000a5580000, 0x00000000e0000000)
  object space 87552K, 2% used [0x00000000a0000000,0x00000000a020f420,0x00000000a5580000)
 Metaspace       used 16763K, capacity 17174K, committed 17408K, reserved 1064960K
  class space    used 2411K, capacity 2555K, committed 2560K, reserved 1048576K
Event: 3.027 GC heap after
Heap after GC invocations=4 (full 0):
 PSYoungGen      total 38400K, used 5104K [0x00000000e0000000, 0x00000000e2a80000, 0x0000000100000000)
  eden space 33280K, 0% used [0x00000000e0000000,0x00000000e0000000,0x00000000e2080000)
  from space 5120K, 99% used [0x00000000e2580000,0x00000000e2a7c030,0x00000000e2a80000)
  to   space 5120K, 0% used [0x00000000e2080000,0x00000000e2080000,0x00000000e2580000)
 ParOldGen       total 87552K, used 5386K [0x00000000a0000000, 0x00000000a5580000, 0x00000000e0000000)
  object space 87552K, 6% used [0x00000000a0000000,0x00000000a0542bd0,0x00000000a5580000)
 Metaspace       used 16763K, capacity 17174K, committed 17408K, reserved 1064960K
  class space    used 2411K, capacity 2555K, committed 2560K, reserved 1048576K
}

Deoptimization events (10 events):
Event: 2.282 Thread 0x000000001968a800 Uncommon trap: reason=bimorphic action=maybe_recompile pc=0x0000000002f5fce0 method=java.util.HashMap.putVal(ILjava/lang/Object;Ljava/lang/Object;ZZ)Ljava/lang/Object; @ 253
Event: 2.565 Thread 0x000000001968a800 Uncommon trap: reason=class_check action=maybe_recompile pc=0x0000000002f9b444 method=java.util.regex.Matcher.match(II)Z @ 86
Event: 2.578 Thread 0x000000001968a800 Uncommon trap: reason=class_check action=maybe_recompile pc=0x0000000002f9b444 method=java.util.regex.Matcher.match(II)Z @ 86
Event: 2.578 Thread 0x000000001968a800 Uncommon trap: reason=class_check action=maybe_recompile pc=0x0000000002f9b444 method=java.util.regex.Matcher.match(II)Z @ 86
Event: 2.579 Thread 0x000000001968a800 Uncommon trap: reason=class_check action=maybe_recompile pc=0x0000000002f567dc method=java.util.regex.Matcher.match(II)Z @ 86
Event: 2.674 Thread 0x000000001968a800 Uncommon trap: reason=unstable_if action=reinterpret pc=0x0000000003108cf4 method=java.lang.String.lastIndexOf([CII[CIII)I @ 66
Event: 3.065 Thread 0x000000001968a800 Uncommon trap: reason=unstable_if action=reinterpret pc=0x0000000002e2cf88 method=java.net.URI.match(CJJ)Z @ 19
Event: 3.066 Thread 0x000000001968a800 Uncommon trap: reason=unstable_if action=reinterpret pc=0x0000000002f1f9c0 method=java.net.URI.match(CJJ)Z @ 19
Event: 3.066 Thread 0x000000001968a800 Uncommon trap: reason=unstable_if action=reinterpret pc=0x0000000002e2fec8 method=java.net.URI.match(CJJ)Z @ 19
Event: 3.124 Thread 0x000000001968a800 Uncommon trap: reason=unstable_if action=reinterpret pc=0x0000000002f8eb58 method=java.io.File.getName()Ljava/lang/String; @ 16

Classes redefined (0 events):
No events

Internal exceptions (10 events):
Event: 2.245 Thread 0x00000000193e7800 Exception <a 'java/lang/NoSuchMethodError': <clinit>> (0x00000000e05947b8) thrown at [D:\src\AOSP-openjdk-cygwin\jdk8u\hotspot\src\share\vm\prims\jni.cpp, line 1613]
Event: 2.246 Thread 0x00000000193e7800 Exception <a 'java/lang/NoSuchMethodError': <clinit>> (0x00000000e05aa6c8) thrown at [D:\src\AOSP-openjdk-cygwin\jdk8u\hotspot\src\share\vm\prims\jni.cpp, line 1613]
Event: 2.252 Thread 0x00000000193e7800 Exception <a 'java/lang/NoSuchMethodError': <clinit>> (0x00000000e0608a30) thrown at [D:\src\AOSP-openjdk-cygwin\jdk8u\hotspot\src\share\vm\prims\jni.cpp, line 1613]
Event: 2.256 Thread 0x00000000193e7800 Exception <a 'java/lang/NoSuchMethodError': <clinit>> (0x00000000e06346f8) thrown at [D:\src\AOSP-openjdk-cygwin\jdk8u\hotspot\src\share\vm\prims\jni.cpp, line 1613]
Event: 2.261 Thread 0x00000000193e7800 Exception <a 'java/lang/NoSuchMethodError': <clinit>> (0x00000000e0663638) thrown at [D:\src\AOSP-openjdk-cygwin\jdk8u\hotspot\src\share\vm\prims\jni.cpp, line 1613]
Event: 2.262 Thread 0x00000000193e7800 Exception <a 'java/lang/NoSuchMethodError': <clinit>> (0x00000000e066e9d8) thrown at [D:\src\AOSP-openjdk-cygwin\jdk8u\hotspot\src\share\vm\prims\jni.cpp, line 1613]
Event: 3.148 Thread 0x000000001968a800 Exception <a 'java/lang/NoSuchMethodError': <clinit>> (0x00000000e06c9cd8) thrown at [D:\src\AOSP-openjdk-cygwin\jdk8u\hotspot\src\share\vm\prims\jni.cpp, line 1613]
Event: 3.148 Thread 0x000000001968a800 Exception <a 'java/lang/NoSuchMethodError': <clinit>> (0x00000000e06cc490) thrown at [D:\src\AOSP-openjdk-cygwin\jdk8u\hotspot\src\share\vm\prims\jni.cpp, line 1613]
Event: 3.150 Thread 0x000000001968a800 Exception <a 'java/lang/NoSuchMethodError': <clinit>> (0x00000000e06d87a8) thrown at [D:\src\AOSP-openjdk-cygwin\jdk8u\hotspot\src\share\vm\prims\jni.cpp, line 1613]
Event: 3.152 Thread 0x000000001968a800 Exception <a 'java/lang/NoSuchMethodError': <clinit>> (0x00000000e0702890) thrown at [D:\src\AOSP-openjdk-cygwin\jdk8u\hotspot\src\share\vm\prims\jni.cpp, line 1613]

Events (10 events):
Event: 3.194 loading class org/gradle/cache/internal/btree/FreeListBlockStore$1
Event: 3.194 loading class org/gradle/cache/internal/btree/FreeListBlockStore$1 done
Event: 3.194 loading class org/gradle/cache/internal/btree/FreeListBlockStore$2
Event: 3.194 loading class org/gradle/cache/internal/btree/FreeListBlockStore$2 done
Event: 3.195 loading class org/gradle/cache/internal/btree/ByteOutput
Event: 3.195 loading class org/gradle/cache/internal/btree/ByteOutput done
Event: 3.195 loading class org/gradle/cache/internal/btree/ByteOutput$ResettableBufferedOutputStream
Event: 3.195 loading class org/gradle/cache/internal/btree/ByteOutput$ResettableBufferedOutputStream done
Event: 3.195 Executing VM operation: Deoptimize
Event: 3.196 Executing VM operation: Deoptimize done


Dynamic libraries:
0x00007ff7e4cd0000 - 0x00007ff7e4d01000 	C:\Program Files\Android\Android Studio\jre\bin\java.exe
0x00007ffe79920000 - 0x00007ffe79b0d000 	C:\WINDOWS\SYSTEM32\ntdll.dll
0x00007ffe77720000 - 0x00007ffe777d3000 	C:\WINDOWS\System32\KERNEL32.DLL
0x00007ffe75af0000 - 0x00007ffe75d83000 	C:\WINDOWS\System32\KERNELBASE.dll
0x00007ffe77cc0000 - 0x00007ffe77d63000 	C:\WINDOWS\System32\ADVAPI32.dll
0x00007ffe77640000 - 0x00007ffe776de000 	C:\WINDOWS\System32\msvcrt.dll
0x00007ffe77bc0000 - 0x00007ffe77c5e000 	C:\WINDOWS\System32\sechost.dll
0x00007ffe76bb0000 - 0x00007ffe76cd2000 	C:\WINDOWS\System32\RPCRT4.dll
0x00007ffe77460000 - 0x00007ffe775f7000 	C:\WINDOWS\System32\USER32.dll
0x00007ffe76580000 - 0x00007ffe765a0000 	C:\WINDOWS\System32\win32u.dll
0x00007ffe77600000 - 0x00007ffe77629000 	C:\WINDOWS\System32\GDI32.dll
0x00007ffe765a0000 - 0x00007ffe7673a000 	C:\WINDOWS\System32\gdi32full.dll
0x00007ffe75d90000 - 0x00007ffe75e30000 	C:\WINDOWS\System32\msvcp_win.dll
0x00007ffe759f0000 - 0x00007ffe75aec000 	C:\WINDOWS\System32\ucrtbase.dll
0x00007ffe63e50000 - 0x00007ffe640c9000 	C:\WINDOWS\WinSxS\amd64_microsoft.windows.common-controls_6595b64144ccf1df_6.0.17763.253_none_05b2388e0721fece\COMCTL32.dll
0x00007ffe77890000 - 0x00007ffe77bbd000 	C:\WINDOWS\System32\combase.dll
0x00007ffe767c0000 - 0x00007ffe7683e000 	C:\WINDOWS\System32\bcryptPrimitives.dll
0x00007ffe776f0000 - 0x00007ffe7771e000 	C:\WINDOWS\System32\IMM32.DLL
0x00000000751d0000 - 0x00000000752a2000 	C:\Program Files\Android\Android Studio\jre\jre\bin\msvcr100.dll
0x0000000075390000 - 0x0000000075bd1000 	C:\Program Files\Android\Android Studio\jre\jre\bin\server\jvm.dll
0x00007ffe772a0000 - 0x00007ffe772a8000 	C:\WINDOWS\System32\PSAPI.DLL
0x00007ffe6e020000 - 0x00007ffe6e044000 	C:\WINDOWS\SYSTEM32\WINMM.dll
0x00007ffe64660000 - 0x00007ffe64669000 	C:\WINDOWS\SYSTEM32\WSOCK32.dll
0x00007ffe793d0000 - 0x00007ffe7943d000 	C:\WINDOWS\System32\WS2_32.dll
0x00007ffe6db90000 - 0x00007ffe6db9a000 	C:\WINDOWS\SYSTEM32\VERSION.dll
0x00007ffe6dff0000 - 0x00007ffe6e01d000 	C:\WINDOWS\SYSTEM32\WINMMBASE.dll
0x00007ffe76870000 - 0x00007ffe768ba000 	C:\WINDOWS\System32\cfgmgr32.dll
0x00007ffe6fef0000 - 0x00007ffe6feff000 	C:\Program Files\Android\Android Studio\jre\jre\bin\verify.dll
0x00007ffe6fc70000 - 0x00007ffe6fc99000 	C:\Program Files\Android\Android Studio\jre\jre\bin\java.dll
0x00007ffe6fed0000 - 0x00007ffe6fee6000 	C:\Program Files\Android\Android Studio\jre\jre\bin\zip.dll
0x00007ffe77ee0000 - 0x00007ffe793cf000 	C:\WINDOWS\System32\SHELL32.dll
0x00007ffe777e0000 - 0x00007ffe77888000 	C:\WINDOWS\System32\shcore.dll
0x00007ffe75e30000 - 0x00007ffe7657a000 	C:\WINDOWS\System32\windows.storage.dll
0x00007ffe75940000 - 0x00007ffe75964000 	C:\WINDOWS\System32\profapi.dll
0x00007ffe75970000 - 0x00007ffe759cd000 	C:\WINDOWS\System32\powrprof.dll
0x00007ffe76dc0000 - 0x00007ffe76e12000 	C:\WINDOWS\System32\shlwapi.dll
0x00007ffe759d0000 - 0x00007ffe759e1000 	C:\WINDOWS\System32\kernel.appcore.dll
0x00007ffe767a0000 - 0x00007ffe767b7000 	C:\WINDOWS\System32\cryptsp.dll
0x00007ffe645c0000 - 0x00007ffe645da000 	C:\Program Files\Android\Android Studio\jre\jre\bin\net.dll
0x00007ffe751b0000 - 0x00007ffe75217000 	C:\WINDOWS\system32\mswsock.dll
0x00007ffe5efd0000 - 0x00007ffe5efe1000 	C:\Program Files\Android\Android Studio\jre\jre\bin\nio.dll
0x00007ffe700d0000 - 0x00007ffe700ee000 	C:\Users\Thorsten\.gradle\native\25\windows-amd64\native-platform.dll
0x00007ffe6fc60000 - 0x00007ffe6fc6d000 	C:\Program Files\Android\Android Studio\jre\jre\bin\management.dll
0x00007ffe74d70000 - 0x00007ffe74da3000 	C:\WINDOWS\system32\rsaenh.dll
0x00007ffe76840000 - 0x00007ffe76866000 	C:\WINDOWS\System32\bcrypt.dll
0x00007ffe75850000 - 0x00007ffe75878000 	C:\WINDOWS\SYSTEM32\USERENV.dll
0x00007ffe75380000 - 0x00007ffe7538c000 	C:\WINDOWS\SYSTEM32\CRYPTBASE.dll
0x00007ffe74f10000 - 0x00007ffe74f4d000 	C:\WINDOWS\SYSTEM32\IPHLPAPI.DLL
0x00007ffe77630000 - 0x00007ffe77638000 	C:\WINDOWS\System32\NSI.dll
0x00007ffe6ddb0000 - 0x00007ffe6ddc6000 	C:\WINDOWS\SYSTEM32\dhcpcsvc6.DLL
0x00007ffe6dfd0000 - 0x00007ffe6dfec000 	C:\WINDOWS\SYSTEM32\dhcpcsvc.DLL
0x00007ffe74f50000 - 0x00007ffe75016000 	C:\WINDOWS\SYSTEM32\DNSAPI.dll

VM Arguments:
jvm_args: -Xmx1536m -Dfile.encoding=windows-1252 -Duser.country=DE -Duser.language=de -Duser.variant 
java_command: org.gradle.launcher.daemon.bootstrap.GradleDaemon 4.10.1
java_class_path (initial): C:\Users\Thorsten\.gradle\wrapper\dists\gradle-4.10.1-all\455itskqi2qtf0v2sja68alqd\gradle-4.10.1\lib\gradle-launcher-4.10.1.jar
Launcher Type: SUN_STANDARD

Environment Variables:
JAVA_HOME=C:\Program Files\Java\jdk1.8.0_102
USERNAME=Thorsten
OS=Windows_NT
PROCESSOR_IDENTIFIER=Intel64 Family 6 Model 69 Stepping 1, GenuineIntel



---------------  S Y S T E M  ---------------

OS: Windows 10.0 , 64 bit Build 17763 (10.0.17763.1)

CPU:total 4 (initial active 4) (2 cores per cpu, 2 threads per core) family 6 model 69 stepping 1, cmov, cx8, fxsr, mmx, sse, sse2, sse3, ssse3, sse4.1, sse4.2, popcnt, avx, avx2, aes, clmul, erms, lzcnt, ht, tsc, tscinvbit, bmi1, bmi2

Memory: 4k page, physical 8302956k(654224k free), swap 8302956k(6124k free)

vm_info: OpenJDK 64-Bit Server VM (25.152-b01) for windows-amd64 JRE (1.8.0_152-release-1248-b01), built by "builder" with MS VC++ 10.0 (VS2010)

time: Tue Mar 19 11:19:02 2019
elapsed time: 3 seconds (0d 0h 0m 3s)

